2023-01-01T15:04:13.702Z [info]: Commit Tag: v1.31.0 
2023-01-01T15:04:14.057Z [info]: Starting Overseerr version 1.31.0 
2023-01-01T15:04:15.223Z [info][Notifications]: Registered notification agents 
2023-01-01T15:04:15.266Z [info][Jobs]: Scheduled jobs loaded 
2023-01-01T15:04:15.471Z [info][Server]: Server ready on port 5055 
2023-01-01T15:05:00.019Z [debug][Jobs]: Starting scheduled job: Download Sync 
2023-01-01T15:05:00.026Z [info][Jobs]: Starting scheduled job: Plex Recently Added Scan 
2023-01-01T15:05:00.027Z [info][Plex Scan]: Scan starting {"sessionId":"8aabc2a4-40dd-4c43-8eca-ea20c43ca1b7"}
2023-01-01T15:05:00.036Z [warn][Plex Scan]: No admin configured. Plex scan skipped. 
2023-01-01T15:06:00.023Z [debug][Jobs]: Starting scheduled job: Download Sync 
2023-01-01T15:07:00.008Z [debug][Jobs]: Starting scheduled job: Download Sync 
2023-01-01T15:07:27.307Z [info][Plex Scan]: Scan starting {"sessionId":"1c42a663-2b61-4c7e-b79a-04efac7b884f"}
2023-01-01T15:07:27.316Z [info][Plex Scan]: Beginning to process library: Films 
2023-01-01T15:07:27.322Z [info][Plex Scan]: Beginning to process library: Séries TV 
2023-01-01T15:07:27.325Z [info][Plex Scan]: Full Scan Complete 
2023-01-01T15:08:00.014Z [debug][Jobs]: Starting scheduled job: Download Sync 
2023-01-01T15:08:44.612Z [error][Radarr]: [Radarr] Failed to retrieve profiles: connect EHOSTUNREACH 192.168.0.5:7878 
2023-01-01T15:09:00.005Z [debug][Jobs]: Starting scheduled job: Download Sync 
2023-01-01T15:09:02.436Z [error][Radarr]: [Radarr] Failed to retrieve profiles: connect EHOSTUNREACH 192.168.0.5:7878 
2023-01-01T15:10:00.020Z [debug][Jobs]: Starting scheduled job: Download Sync 
2023-01-01T15:10:00.026Z [info][Jobs]: Starting scheduled job: Plex Recently Added Scan 
2023-01-01T15:10:00.026Z [info][Plex Scan]: Scan starting {"sessionId":"c76700b8-d292-4cf6-87eb-2038d7f05544"}
2023-01-01T15:10:00.033Z [info][Jobs]: Starting scheduled job: Plex Watchlist Sync 
2023-01-01T15:10:00.040Z [info][Plex Scan]: Beginning to process recently added for library: Films {}
2023-01-01T15:10:00.045Z [info][Plex Scan]: Beginning to process recently added for library: Séries TV {}
2023-01-01T15:10:00.049Z [info][Plex Scan]: Recently Added Scan Complete 
2023-01-01T15:11:00.013Z [debug][Jobs]: Starting scheduled job: Download Sync 
2023-01-01T15:12:00.018Z [debug][Jobs]: Starting scheduled job: Download Sync 
2023-01-01T15:12:15.549Z [info][Plex Scan]: Scan starting {"sessionId":"31a52b94-f794-4249-a769-f410ce5f083b"}
2023-01-01T15:12:15.560Z [info][Plex Scan]: Beginning to process library: Films 
2023-01-01T15:12:15.565Z [info][Plex Scan]: Beginning to process library: Séries TV 
2023-01-01T15:12:15.568Z [info][Plex Scan]: Full Scan Complete 
2023-01-01T15:12:38.020Z [info][Plex Scan]: Scan starting {"sessionId":"d11a7e60-0a7a-423a-a117-852b8fe0a17e"}
2023-01-01T15:12:38.033Z [info][Plex Scan]: Beginning to process library: Films 
2023-01-01T15:12:38.037Z [info][Plex Scan]: Beginning to process library: Séries TV 
2023-01-01T15:12:38.041Z [info][Plex Scan]: Full Scan Complete 
2023-01-01T15:13:00.011Z [debug][Jobs]: Starting scheduled job: Download Sync 
2023-01-01T15:14:00.020Z [debug][Jobs]: Starting scheduled job: Download Sync 
2023-01-01T15:15:00.005Z [debug][Jobs]: Starting scheduled job: Download Sync 
2023-01-01T15:15:00.013Z [info][Jobs]: Starting scheduled job: Plex Recently Added Scan 
2023-01-01T15:15:00.014Z [info][Plex Scan]: Scan starting {"sessionId":"c911413c-dd76-4db6-a525-fea5c16a2606"}
2023-01-01T15:15:00.021Z [info][Plex Scan]: Beginning to process recently added for library: Films {"lastScan":1672585800045}
2023-01-01T15:15:00.024Z [info][Plex Scan]: Beginning to process recently added for library: Séries TV {"lastScan":1672585800048}
2023-01-01T15:15:00.027Z [info][Plex Scan]: Recently Added Scan Complete 
2023-01-01T15:16:00.005Z [debug][Jobs]: Starting scheduled job: Download Sync 
2023-01-01T15:16:17.393Z [info][Plex Scan]: Scan starting {"sessionId":"8328f2df-93ee-4bb8-8121-45c2b9d6a416"}
2023-01-01T15:16:17.407Z [info][Plex Scan]: Beginning to process library: Films 
2023-01-01T15:16:17.413Z [info][Plex Scan]: Beginning to process library: Séries TV 
2023-01-01T15:16:17.415Z [info][Plex Scan]: Full Scan Complete 
2023-01-01T15:17:00.006Z [debug][Jobs]: Starting scheduled job: Download Sync 
2023-01-01T15:18:00.014Z [debug][Jobs]: Starting scheduled job: Download Sync 
2023-01-01T15:19:00.007Z [debug][Jobs]: Starting scheduled job: Download Sync 
2023-01-01T15:20:00.014Z [debug][Jobs]: Starting scheduled job: Download Sync 
2023-01-01T15:20:00.022Z [info][Jobs]: Starting scheduled job: Plex Recently Added Scan 
2023-01-01T15:20:00.023Z [info][Plex Scan]: Scan starting {"sessionId":"1486c63a-813b-4569-b082-c8b13ff010f6"}
2023-01-01T15:20:00.029Z [info][Jobs]: Starting scheduled job: Plex Watchlist Sync 
2023-01-01T15:20:00.034Z [info][Plex Scan]: Beginning to process recently added for library: Films {"lastScan":1672586100024}
2023-01-01T15:20:00.038Z [info][Plex Scan]: Beginning to process recently added for library: Séries TV {"lastScan":1672586100027}
2023-01-01T15:20:00.040Z [info][Plex Scan]: Recently Added Scan Complete 
2023-01-01T15:21:00.018Z [debug][Jobs]: Starting scheduled job: Download Sync 
2023-01-01T15:22:00.016Z [debug][Jobs]: Starting scheduled job: Download Sync 
2023-01-01T15:23:00.004Z [debug][Jobs]: Starting scheduled job: Download Sync 
2023-01-01T15:24:00.016Z [debug][Jobs]: Starting scheduled job: Download Sync 
2023-01-01T15:25:00.008Z [debug][Jobs]: Starting scheduled job: Download Sync 
2023-01-01T15:25:00.011Z [info][Jobs]: Starting scheduled job: Plex Recently Added Scan 
2023-01-01T15:25:00.011Z [info][Plex Scan]: Scan starting {"sessionId":"07864cc0-bcf1-4848-821d-bc74f636fbc4"}
2023-01-01T15:25:00.016Z [info][Plex Scan]: Beginning to process recently added for library: Films {"lastScan":1672586400037}
2023-01-01T15:25:00.020Z [info][Plex Scan]: Beginning to process recently added for library: Séries TV {"lastScan":1672586400040}
2023-01-01T15:25:00.025Z [info][Plex Scan]: Recently Added Scan Complete 
2023-01-01T15:26:00.016Z [debug][Jobs]: Starting scheduled job: Download Sync 
2023-01-01T15:27:00.014Z [debug][Jobs]: Starting scheduled job: Download Sync 
2023-01-01T15:28:00.014Z [debug][Jobs]: Starting scheduled job: Download Sync 
2023-01-01T15:29:00.013Z [debug][Jobs]: Starting scheduled job: Download Sync 
2023-01-01T15:29:51.577Z [info]: Commit Tag: v1.31.0 
2023-01-01T15:29:51.937Z [info]: Starting Overseerr version 1.31.0 
2023-01-01T15:29:52.717Z [info][Notifications]: Registered notification agents 
2023-01-01T15:29:52.740Z [info][Jobs]: Scheduled jobs loaded 
2023-01-01T15:29:52.841Z [info][Server]: Server ready on port 5055 
2023-01-01T15:30:00.009Z [debug][Jobs]: Starting scheduled job: Download Sync 
2023-01-01T15:30:00.022Z [error][Download Tracker]: Unable to get queue from Radarr server: Radarr 
2023-01-01T15:30:00.024Z [info][Jobs]: Starting scheduled job: Plex Watchlist Sync 
2023-01-01T15:30:00.030Z [info][Jobs]: Starting scheduled job: Plex Recently Added Scan 
2023-01-01T15:30:00.031Z [info][Plex Scan]: Scan starting {"sessionId":"5d6f0e79-69f2-497f-8a5c-1f76034265e7"}
2023-01-01T15:30:00.045Z [error][Plex Scan]: Scan interrupted {"errorMessage":"connect ECONNREFUSED 172.24.0.3:32400"}
2023-01-01T15:31:00.004Z [debug][Jobs]: Starting scheduled job: Download Sync 
2023-01-01T15:31:00.014Z [error][Download Tracker]: Unable to get queue from Radarr server: Radarr 
2023-01-01T15:31:03.894Z [info][Plex Scan]: Scan starting {"sessionId":"d4f8a460-dc33-4338-956e-de4a125e487f"}
2023-01-01T15:31:03.905Z [info][Plex Scan]: Beginning to process library: Films 
2023-01-01T15:31:03.910Z [info][Plex Scan]: Beginning to process library: Séries TV 
2023-01-01T15:31:03.914Z [info][Plex Scan]: Full Scan Complete 
2023-01-01T15:32:00.008Z [debug][Jobs]: Starting scheduled job: Download Sync 
2023-01-01T15:32:00.009Z [error][Download Tracker]: Unable to get queue from Radarr server: Radarr 
2023-01-01T15:33:00.013Z [debug][Jobs]: Starting scheduled job: Download Sync 
2023-01-01T15:33:00.017Z [error][Download Tracker]: Unable to get queue from Radarr server: Radarr 
2023-01-01T15:35:55.244Z [info]: Commit Tag: v1.31.0 
2023-01-01T15:35:55.587Z [info]: Starting Overseerr version 1.31.0 
2023-01-01T15:35:56.322Z [info][Notifications]: Registered notification agents 
2023-01-01T15:35:56.339Z [info][Jobs]: Scheduled jobs loaded 
2023-01-01T15:35:56.420Z [info][Server]: Server ready on port 5055 
2023-01-01T15:36:00.005Z [debug][Jobs]: Starting scheduled job: Download Sync 
2023-01-01T15:36:00.015Z [error][Download Tracker]: Unable to get queue from Radarr server: Radarr 
2023-01-01T15:36:58.589Z [info][Plex Scan]: Scan starting {"sessionId":"c0200201-7881-4639-a6d5-58dd7deb816e"}
2023-01-01T15:36:58.609Z [info][Plex Scan]: Beginning to process library: Films 
2023-01-01T15:36:58.623Z [info][Plex Scan]: Beginning to process library: Séries TV 
2023-01-01T15:36:58.627Z [info][Plex Scan]: Full Scan Complete 
2023-01-01T15:37:00.005Z [debug][Jobs]: Starting scheduled job: Download Sync 
2023-01-01T15:37:00.007Z [error][Download Tracker]: Unable to get queue from Radarr server: Radarr 
2023-01-01T15:37:04.778Z [error][Radarr]: [Radarr] Failed to retrieve profiles: connect ECONNREFUSED 172.24.0.2:7878 
2023-01-01T15:37:10.533Z [error][Radarr]: [Radarr] Failed to retrieve profiles: connect ECONNREFUSED 172.24.0.2:7878 
2023-01-01T15:38:00.010Z [debug][Jobs]: Starting scheduled job: Download Sync 
2023-01-01T15:38:00.014Z [error][Download Tracker]: Unable to get queue from Radarr server: Radarr 
2023-01-01T15:39:00.005Z [debug][Jobs]: Starting scheduled job: Download Sync 
2023-01-01T15:40:00.008Z [debug][Jobs]: Starting scheduled job: Download Sync 
2023-01-01T15:40:00.013Z [info][Jobs]: Starting scheduled job: Plex Watchlist Sync 
2023-01-01T15:40:00.018Z [info][Jobs]: Starting scheduled job: Plex Recently Added Scan 
2023-01-01T15:40:00.018Z [info][Plex Scan]: Scan starting {"sessionId":"0e6b6cda-a324-4b5d-8d9a-2e4fa5bf6032"}
2023-01-01T15:40:00.025Z [info][Plex Scan]: Beginning to process recently added for library: Films {"lastScan":1672586700020}
2023-01-01T15:40:00.029Z [info][Plex Scan]: Beginning to process recently added for library: Séries TV {"lastScan":1672586700025}
2023-01-01T15:40:00.074Z [info][Plex Scan]: Recently Added Scan Complete 
2023-01-01T15:41:00.007Z [debug][Jobs]: Starting scheduled job: Download Sync 
2023-01-01T15:42:00.008Z [debug][Jobs]: Starting scheduled job: Download Sync 
2023-01-01T15:43:00.010Z [debug][Jobs]: Starting scheduled job: Download Sync 
2023-01-01T15:44:00.010Z [debug][Jobs]: Starting scheduled job: Download Sync 
2023-01-01T15:45:00.008Z [debug][Jobs]: Starting scheduled job: Download Sync 
2023-01-01T15:45:00.017Z [info][Jobs]: Starting scheduled job: Plex Recently Added Scan 
2023-01-01T15:45:00.018Z [info][Plex Scan]: Scan starting {"sessionId":"82addfcc-4aba-4be3-ade3-d51396d066dc"}
2023-01-01T15:45:00.026Z [info][Plex Scan]: Beginning to process recently added for library: Films {"lastScan":1672587600029}
2023-01-01T15:45:00.031Z [info][Plex Scan]: Beginning to process recently added for library: Séries TV {"lastScan":1672587600032}
2023-01-01T15:45:00.035Z [info][Plex Scan]: Recently Added Scan Complete 
2023-01-01T15:46:00.008Z [debug][Jobs]: Starting scheduled job: Download Sync 
2023-01-01T15:46:49.749Z [info]: Commit Tag: v1.31.0 
2023-01-01T15:46:50.137Z [info]: Starting Overseerr version 1.31.0 
2023-01-01T15:46:50.920Z [info][Notifications]: Registered notification agents 
2023-01-01T15:46:50.940Z [info][Jobs]: Scheduled jobs loaded 
2023-01-01T15:46:51.034Z [info][Server]: Server ready on port 5055 
2023-01-01T15:47:00.009Z [debug][Jobs]: Starting scheduled job: Download Sync 
2023-01-01T15:48:00.013Z [debug][Jobs]: Starting scheduled job: Download Sync 
2023-01-01T15:49:00.010Z [debug][Jobs]: Starting scheduled job: Download Sync 
2023-01-01T15:50:00.006Z [debug][Jobs]: Starting scheduled job: Download Sync 
2023-01-01T15:50:00.010Z [info][Jobs]: Starting scheduled job: Plex Watchlist Sync 
2023-01-01T15:50:00.016Z [info][Jobs]: Starting scheduled job: Plex Recently Added Scan 
2023-01-01T15:50:00.017Z [info][Plex Scan]: Scan starting {"sessionId":"795c9f4f-e1ec-4721-901d-8af438e22703"}
2023-01-01T15:50:00.021Z [error][Plex Scan]: Scan interrupted {"errorMessage":"connect ECONNREFUSED 172.24.0.2:32400"}
2023-01-01T15:51:00.003Z [debug][Jobs]: Starting scheduled job: Download Sync 
2023-01-01T15:51:01.038Z [info][Plex Scan]: Scan starting {"sessionId":"9c15e835-658b-4f20-a393-c5e8d3623f72"}
2023-01-01T15:51:01.050Z [info][Plex Scan]: Beginning to process library: Films 
2023-01-01T15:51:01.056Z [info][Plex Scan]: Beginning to process library: Séries TV 
2023-01-01T15:51:01.059Z [info][Plex Scan]: Full Scan Complete 
2023-01-01T15:52:00.011Z [debug][Jobs]: Starting scheduled job: Download Sync 
2023-01-01T15:53:00.011Z [debug][Jobs]: Starting scheduled job: Download Sync 
2023-01-01T15:54:00.006Z [debug][Jobs]: Starting scheduled job: Download Sync 
2023-01-01T15:55:00.011Z [debug][Jobs]: Starting scheduled job: Download Sync 
2023-01-01T15:55:00.015Z [info][Jobs]: Starting scheduled job: Plex Recently Added Scan 
2023-01-01T15:55:00.015Z [info][Plex Scan]: Scan starting {"sessionId":"2dd9576c-d8dc-4a91-ac42-ce5fa00bcaab"}
2023-01-01T15:55:00.021Z [info][Plex Scan]: Beginning to process recently added for library: Films {"lastScan":1672587900030}
2023-01-01T15:55:00.025Z [info][Plex Scan]: Beginning to process recently added for library: Séries TV {"lastScan":1672587900034}
2023-01-01T15:55:00.070Z [info][Plex Scan]: Recently Added Scan Complete 
2023-01-01T15:56:00.013Z [debug][Jobs]: Starting scheduled job: Download Sync 
2023-01-01T15:57:00.012Z [debug][Jobs]: Starting scheduled job: Download Sync 
2023-01-01T15:58:00.013Z [debug][Jobs]: Starting scheduled job: Download Sync 
2023-01-01T15:59:00.011Z [debug][Jobs]: Starting scheduled job: Download Sync 
2023-01-01T16:00:00.012Z [debug][Jobs]: Starting scheduled job: Download Sync 
2023-01-01T16:00:00.021Z [info][Jobs]: Starting scheduled job: Plex Recently Added Scan 
2023-01-01T16:00:00.022Z [info][Plex Scan]: Scan starting {"sessionId":"d5d370a7-bcd3-407d-8cd6-a9fbcd86a5ee"}
2023-01-01T16:00:00.031Z [info][Jobs]: Starting scheduled job: Plex Watchlist Sync 
2023-01-01T16:00:00.038Z [info][Plex Scan]: Beginning to process recently added for library: Films {"lastScan":1672588500025}
2023-01-01T16:00:00.042Z [info][Plex Scan]: Beginning to process recently added for library: Séries TV {"lastScan":1672588500028}
2023-01-01T16:00:00.044Z [info][Plex Scan]: Recently Added Scan Complete 
2023-01-01T16:01:00.009Z [debug][Jobs]: Starting scheduled job: Download Sync 
2023-01-01T16:02:00.010Z [debug][Jobs]: Starting scheduled job: Download Sync 
2023-01-01T16:03:00.012Z [debug][Jobs]: Starting scheduled job: Download Sync 
2023-01-01T16:04:00.013Z [debug][Jobs]: Starting scheduled job: Download Sync 
2023-01-01T16:05:00.010Z [debug][Jobs]: Starting scheduled job: Download Sync 
2023-01-01T16:05:00.018Z [info][Jobs]: Starting scheduled job: Plex Recently Added Scan 
2023-01-01T16:05:00.018Z [info][Plex Scan]: Scan starting {"sessionId":"19acc187-e21d-41e0-b7c7-17acdf2a6862"}
2023-01-01T16:05:00.029Z [info][Plex Scan]: Beginning to process recently added for library: Films {"lastScan":1672588800041}
2023-01-01T16:05:00.034Z [info][Plex Scan]: Beginning to process recently added for library: Séries TV {"lastScan":1672588800044}
2023-01-01T16:05:00.038Z [info][Plex Scan]: Recently Added Scan Complete 
2023-01-01T16:06:00.009Z [debug][Jobs]: Starting scheduled job: Download Sync 
2023-01-01T16:07:00.010Z [debug][Jobs]: Starting scheduled job: Download Sync 
2023-01-01T16:08:00.011Z [debug][Jobs]: Starting scheduled job: Download Sync 
2023-01-01T16:09:00.009Z [debug][Jobs]: Starting scheduled job: Download Sync 
2023-01-01T16:10:00.010Z [debug][Jobs]: Starting scheduled job: Download Sync 
2023-01-01T16:10:00.016Z [info][Jobs]: Starting scheduled job: Plex Recently Added Scan 
2023-01-01T16:10:00.017Z [info][Plex Scan]: Scan starting {"sessionId":"54a90919-cc6a-422d-82ac-0f00a1e903cb"}
2023-01-01T16:10:00.020Z [info][Jobs]: Starting scheduled job: Plex Watchlist Sync 
2023-01-01T16:10:00.025Z [info][Plex Scan]: Beginning to process recently added for library: Films {"lastScan":1672589100033}
2023-01-01T16:10:00.028Z [info][Plex Scan]: Beginning to process recently added for library: Séries TV {"lastScan":1672589100037}
2023-01-01T16:10:00.031Z [info][Plex Scan]: Recently Added Scan Complete 
2023-01-01T16:11:00.009Z [debug][Jobs]: Starting scheduled job: Download Sync 
2023-01-01T16:12:00.009Z [debug][Jobs]: Starting scheduled job: Download Sync 
2023-01-01T16:13:00.011Z [debug][Jobs]: Starting scheduled job: Download Sync 
2023-01-01T16:14:00.009Z [debug][Jobs]: Starting scheduled job: Download Sync 
2023-01-01T16:15:00.008Z [debug][Jobs]: Starting scheduled job: Download Sync 
2023-01-01T16:15:00.012Z [info][Jobs]: Starting scheduled job: Plex Recently Added Scan 
2023-01-01T16:15:00.012Z [info][Plex Scan]: Scan starting {"sessionId":"3a11094b-9645-4f84-9bf1-2d488af8b3cd"}
2023-01-01T16:15:00.017Z [info][Plex Scan]: Beginning to process recently added for library: Films {"lastScan":1672589400028}
2023-01-01T16:15:00.020Z [info][Plex Scan]: Beginning to process recently added for library: Séries TV {"lastScan":1672589400031}
2023-01-01T16:15:00.023Z [info][Plex Scan]: Recently Added Scan Complete 
2023-01-01T16:16:00.010Z [debug][Jobs]: Starting scheduled job: Download Sync 
2023-01-01T16:17:00.010Z [debug][Jobs]: Starting scheduled job: Download Sync 
2023-01-01T16:18:00.008Z [debug][Jobs]: Starting scheduled job: Download Sync 
2023-01-01T16:19:00.010Z [debug][Jobs]: Starting scheduled job: Download Sync 
2023-01-01T16:20:00.010Z [debug][Jobs]: Starting scheduled job: Download Sync 
2023-01-01T16:20:00.015Z [info][Jobs]: Starting scheduled job: Plex Recently Added Scan 
2023-01-01T16:20:00.016Z [info][Plex Scan]: Scan starting {"sessionId":"effbd75e-6547-452d-a545-b035ec24d7a6"}
2023-01-01T16:20:00.019Z [info][Jobs]: Starting scheduled job: Plex Watchlist Sync 
2023-01-01T16:20:00.023Z [info][Plex Scan]: Beginning to process recently added for library: Films {"lastScan":1672589700020}
2023-01-01T16:20:00.027Z [info][Plex Scan]: Beginning to process recently added for library: Séries TV {"lastScan":1672589700023}
2023-01-01T16:20:00.030Z [info][Plex Scan]: Recently Added Scan Complete 
2023-01-01T16:21:00.009Z [debug][Jobs]: Starting scheduled job: Download Sync 
2023-01-01T16:22:00.011Z [debug][Jobs]: Starting scheduled job: Download Sync 
2023-01-01T16:23:00.009Z [debug][Jobs]: Starting scheduled job: Download Sync 
2023-01-01T16:24:00.005Z [debug][Jobs]: Starting scheduled job: Download Sync 
2023-01-01T16:25:00.009Z [debug][Jobs]: Starting scheduled job: Download Sync 
2023-01-01T16:25:00.020Z [info][Jobs]: Starting scheduled job: Plex Recently Added Scan 
2023-01-01T16:25:00.020Z [info][Plex Scan]: Scan starting {"sessionId":"9262a39f-7abe-48b9-8aab-045134ae6644"}
2023-01-01T16:25:00.027Z [info][Plex Scan]: Beginning to process recently added for library: Films {"lastScan":1672590000027}
2023-01-01T16:25:00.031Z [info][Plex Scan]: Beginning to process recently added for library: Séries TV {"lastScan":1672590000030}
2023-01-01T16:25:00.034Z [info][Plex Scan]: Recently Added Scan Complete 
2023-01-01T16:26:00.006Z [debug][Jobs]: Starting scheduled job: Download Sync 
2023-01-01T16:27:00.012Z [debug][Jobs]: Starting scheduled job: Download Sync 
2023-01-01T16:28:00.011Z [debug][Jobs]: Starting scheduled job: Download Sync 
2023-01-01T16:29:00.010Z [debug][Jobs]: Starting scheduled job: Download Sync 
2023-01-01T16:30:00.012Z [debug][Jobs]: Starting scheduled job: Download Sync 
2023-01-01T16:30:00.019Z [info][Jobs]: Starting scheduled job: Plex Recently Added Scan 
2023-01-01T16:30:00.019Z [info][Plex Scan]: Scan starting {"sessionId":"4396185c-7d31-484d-8be3-2d0ca68fb448"}
2023-01-01T16:30:00.021Z [info][Jobs]: Starting scheduled job: Plex Watchlist Sync 
2023-01-01T16:30:00.026Z [info][Plex Scan]: Beginning to process recently added for library: Films {"lastScan":1672590300030}
2023-01-01T16:30:00.029Z [info][Plex Scan]: Beginning to process recently added for library: Séries TV {"lastScan":1672590300034}
2023-01-01T16:30:00.032Z [info][Plex Scan]: Recently Added Scan Complete 
2023-01-01T16:31:00.011Z [debug][Jobs]: Starting scheduled job: Download Sync 
2023-01-01T16:32:00.013Z [debug][Jobs]: Starting scheduled job: Download Sync 
2023-01-01T16:33:00.010Z [debug][Jobs]: Starting scheduled job: Download Sync 
2023-01-01T16:33:54.495Z [debug][API]: Something went wrong retrieving movie ratings {"errorMessage":"[RT API] Failed to retrieve movie ratings: Request failed with status code 404","movieId":"361743"}
2023-01-01T16:33:59.327Z [info][Media Request]: Request has an override server: Radarr {"requestId":1,"mediaId":1}
2023-01-01T16:33:59.339Z [info][Notifications]: Sending notification(s) for MEDIA_AUTO_APPROVED {"subject":"Top Gun: Maverick (2022)"}
2023-01-01T16:33:59.342Z [info][Media Request]: Sent request to Radarr {"requestId":1,"mediaId":1}
2023-01-01T16:34:00.001Z [debug][Jobs]: Starting scheduled job: Download Sync 
2023-01-01T16:34:00.188Z [info][Radarr]: Radarr accepted request 
2023-01-01T16:34:00.188Z [debug][Radarr]: Radarr add details {"movie":{"title":"Top Gun: Maverick","originalTitle":"Top Gun: Maverick","originalLanguage":{"id":1,"name":"English"},"alternateTitles":[],"secondaryYearSourceId":0,"sortTitle":"top gun maverick","sizeOnDisk":0,"status":"released","overview":"After more than thirty years of service as one of the Navy’s top aviators, and dodging the advancement in rank that would ground him, Pete “Maverick” Mitchell finds himself training a detachment of TOP GUN graduates for a specialized mission the likes of which no living pilot has ever seen.","inCinemas":"2022-05-24T00:00:00Z","physicalRelease":"2022-11-01T00:00:00Z","digitalRelease":"2022-08-21T00:00:00Z","images":[{"coverType":"poster","url":"/MediaCover/1/poster.jpg","remoteUrl":"https://image.tmdb.org/t/p/original/62HCnUTziyWcpDaBO2i1DX17ljH.jpg"},{"coverType":"fanart","url":"/MediaCover/1/fanart.jpg","remoteUrl":"https://image.tmdb.org/t/p/original/AaV1YIdWKnjAIAOe8UUKBFm327v.jpg"}],"website":"https://www.topgunmovie.com","year":2022,"hasFile":false,"youTubeTrailerId":"giXco2jaZ_4","studio":"Paramount","path":"/movies/Top Gun Maverick (2022)","qualityProfileId":4,"monitored":true,"minimumAvailability":"announced","isAvailable":true,"folderName":"/movies/Top Gun Maverick (2022)","runtime":131,"cleanTitle":"topgunmaverick","imdbId":"tt1745960","tmdbId":361743,"titleSlug":"361743","certification":"PG-13","genres":["Action","Drama"],"tags":[],"added":"2023-01-01T16:34:00Z","addOptions":{"searchForMovie":true,"addMethod":"manual","ignoreEpisodesWithFiles":false,"ignoreEpisodesWithoutFiles":false,"monitor":"movieOnly"},"ratings":{"imdb":{"votes":454629,"value":8.4,"type":"user"},"tmdb":{"votes":5292,"value":8.343,"type":"user"},"metacritic":{"votes":0,"value":78,"type":"user"},"rottenTomatoes":{"votes":0,"value":96,"type":"user"}},"collection":{"title":"Top Gun Collection","tmdbId":531330,"monitored":false,"qualityProfileId":0,"searchOnAdd":false,"minimumAvailability":"tba","images":[],"added":"0001-01-01T00:00:00Z","id":0},"popularity":755.399,"id":1}}
2023-01-01T16:35:00.004Z [debug][Jobs]: Starting scheduled job: Download Sync 
2023-01-01T16:35:00.012Z [info][Jobs]: Starting scheduled job: Plex Recently Added Scan 
2023-01-01T16:35:00.012Z [info][Plex Scan]: Scan starting {"sessionId":"db57c2d0-ca5e-4f69-bf9b-8fde751f3b46"}
2023-01-01T16:35:00.021Z [info][Plex Scan]: Beginning to process recently added for library: Films {"lastScan":1672590600029}
2023-01-01T16:35:00.049Z [info][Plex Scan]: Beginning to process recently added for library: Séries TV {"lastScan":1672590600031}
2023-01-01T16:35:00.056Z [info][Plex Scan]: Recently Added Scan Complete 
2023-01-01T16:36:00.004Z [debug][Jobs]: Starting scheduled job: Download Sync 
2023-01-01T16:36:58.753Z [debug][API]: Failed to retrieve request. {"errorMessage":"Could not find any entity of type \"MediaRequest\" matching: {\n    \"where\": {\n        \"id\": 1\n    },\n    \"relations\": {\n        \"requestedBy\": true,\n        \"modifiedBy\": true\n    }\n}"}
2023-01-01T16:37:00.004Z [debug][Jobs]: Starting scheduled job: Download Sync 
2023-01-01T16:37:04.828Z [info][Media Request]: Request has an override server: Radarr {"requestId":2,"mediaId":2}
2023-01-01T16:37:04.836Z [info][Notifications]: Sending notification(s) for MEDIA_AUTO_APPROVED {"subject":"Avatar: The Way of Water (2022)"}
2023-01-01T16:37:04.839Z [info][Media Request]: Sent request to Radarr {"requestId":2,"mediaId":2}
2023-01-01T16:37:05.097Z [info][Radarr]: Radarr accepted request 
2023-01-01T16:37:05.097Z [debug][Radarr]: Radarr add details {"movie":{"title":"Avatar: The Way of Water","originalTitle":"Avatar: The Way of Water","originalLanguage":{"id":1,"name":"English"},"alternateTitles":[],"secondaryYearSourceId":0,"sortTitle":"avatar way water","sizeOnDisk":0,"status":"inCinemas","overview":"Set more than a decade after the events of the first film, learn the story of the Sully family (Jake, Neytiri, and their kids), the trouble that follows them, the lengths they go to keep each other safe, the battles they fight to stay alive, and the tragedies they endure.","inCinemas":"2022-12-14T00:00:00Z","physicalRelease":"2023-04-24T00:00:00Z","images":[{"coverType":"poster","url":"/MediaCover/2/poster.jpg","remoteUrl":"https://image.tmdb.org/t/p/original/t6HIqrRAclMCA60NsSmeqe9RmNV.jpg"},{"coverType":"fanart","url":"/MediaCover/2/fanart.jpg","remoteUrl":"https://image.tmdb.org/t/p/original/s16H6tpK2utvwDtzZ8Qy4qm5Emw.jpg"}],"website":"https://www.avatar.com/movies/avatar-the-way-of-water","year":2022,"hasFile":false,"youTubeTrailerId":"o5F8MOz_IDw","studio":"Lightstorm Entertainment","path":"/movies/Avatar The Way of Water (2022)","qualityProfileId":4,"monitored":true,"minimumAvailability":"announced","isAvailable":true,"folderName":"/movies/Avatar The Way of Water (2022)","runtime":192,"cleanTitle":"avatarwaywater","imdbId":"tt1630029","tmdbId":76600,"titleSlug":"76600","certification":"PG-13","genres":["Science Fiction","Adventure","Action"],"tags":[],"added":"2023-01-01T16:37:05Z","addOptions":{"searchForMovie":true,"addMethod":"manual","ignoreEpisodesWithFiles":false,"ignoreEpisodesWithoutFiles":false,"monitor":"movieOnly"},"ratings":{"imdb":{"votes":102537,"value":8,"type":"user"},"tmdb":{"votes":3202,"value":7.692,"type":"user"},"rottenTomatoes":{"votes":0,"value":77,"type":"user"}},"collection":{"title":"Avatar Collection","tmdbId":87096,"monitored":false,"qualityProfileId":0,"searchOnAdd":false,"minimumAvailability":"tba","images":[],"added":"0001-01-01T00:00:00Z","id":0},"popularity":5271.039,"id":2}}
2023-01-01T16:37:41.594Z [debug][API]: Something went wrong retrieving series ratings {"errorMessage":"[RT API] Failed to retrieve tv ratings: Request failed with status code 404","tvId":"1100"}
2023-01-01T16:37:46.887Z [debug][API]: Something went wrong retrieving series ratings {"errorMessage":"[RT API] Failed to retrieve tv ratings: Request failed with status code 404","tvId":"1100"}
2023-01-01T16:37:52.203Z [info][Media Request]: Request has an override server: Sonarr {"requestId":3,"mediaId":3}
2023-01-01T16:37:52.215Z [info][Notifications]: Sending notification(s) for MEDIA_AUTO_APPROVED {"subject":"How I Met Your Mother (2005)"}
2023-01-01T16:37:52.226Z [info][Media Request]: Sent request to Sonarr {"requestId":3,"mediaId":3}
2023-01-01T16:37:54.171Z [info][Sonarr]: Sonarr accepted request 
2023-01-01T16:37:54.172Z [debug][Sonarr]: Sonarr add details {"movie":{"title":"How I Met Your Mother","alternateTitles":[{"title":"Cómo conocí a vuestra madre","seasonNumber":-1}],"sortTitle":"how i met your mother","status":"ended","ended":true,"overview":"A father tells his children, through a series of flashbacks, the journey that he and his four best friends undertook, which would lead him to meet their mother.","previousAiring":"2014-04-01T00:25:00Z","network":"CBS","airTime":"20:00","images":[{"coverType":"banner","url":"/MediaCover/1/banner.jpg?lastWrite=638081878730252930","remoteUrl":"https://artworks.thetvdb.com/banners/graphical/75760-g5.jpg"},{"coverType":"poster","url":"/MediaCover/1/poster.jpg?lastWrite=638081878731332941","remoteUrl":"https://artworks.thetvdb.com/banners/posters/75760-34.jpg"},{"coverType":"fanart","url":"/MediaCover/1/fanart.jpg?lastWrite=638081878733052958","remoteUrl":"https://artworks.thetvdb.com/banners/fanart/original/75760-3.jpg"}],"seasons":[{"seasonNumber":0,"monitored":false,"statistics":{"episodeFileCount":0,"episodeCount":0,"totalEpisodeCount":13,"sizeOnDisk":0,"releaseGroups":[],"percentOfEpisodes":0}},{"seasonNumber":1,"monitored":false,"statistics":{"episodeFileCount":0,"episodeCount":0,"totalEpisodeCount":22,"sizeOnDisk":0,"releaseGroups":[],"percentOfEpisodes":0}},{"seasonNumber":2,"monitored":false,"statistics":{"episodeFileCount":0,"episodeCount":0,"totalEpisodeCount":22,"sizeOnDisk":0,"releaseGroups":[],"percentOfEpisodes":0}},{"seasonNumber":3,"monitored":false,"statistics":{"episodeFileCount":0,"episodeCount":0,"totalEpisodeCount":20,"sizeOnDisk":0,"releaseGroups":[],"percentOfEpisodes":0}},{"seasonNumber":4,"monitored":false,"statistics":{"episodeFileCount":0,"episodeCount":0,"totalEpisodeCount":24,"sizeOnDisk":0,"releaseGroups":[],"percentOfEpisodes":0}},{"seasonNumber":5,"monitored":false,"statistics":{"episodeFileCount":0,"episodeCount":0,"totalEpisodeCount":24,"sizeOnDisk":0,"releaseGroups":[],"percentOfEpisodes":0}},{"seasonNumber":6,"monitored":false,"statistics":{"episodeFileCount":0,"episodeCount":0,"totalEpisodeCount":24,"sizeOnDisk":0,"releaseGroups":[],"percentOfEpisodes":0}},{"seasonNumber":7,"monitored":false,"statistics":{"episodeFileCount":0,"episodeCount":0,"totalEpisodeCount":24,"sizeOnDisk":0,"releaseGroups":[],"percentOfEpisodes":0}},{"seasonNumber":8,"monitored":false,"statistics":{"episodeFileCount":0,"episodeCount":0,"totalEpisodeCount":24,"sizeOnDisk":0,"releaseGroups":[],"percentOfEpisodes":0}},{"seasonNumber":9,"monitored":true,"statistics":{"previousAiring":"2014-04-01T00:25:00Z","episodeFileCount":0,"episodeCount":24,"totalEpisodeCount":24,"sizeOnDisk":0,"releaseGroups":[],"percentOfEpisodes":0}}],"year":2005,"path":"/tv/How I Met Your Mother","qualityProfileId":4,"languageProfileId":1,"seasonFolder":false,"monitored":true,"useSceneNumbering":false,"runtime":25,"tvdbId":75760,"tvRageId":3918,"tvMazeId":171,"firstAired":"2005-09-19T00:00:00Z","seriesType":"standard","cleanTitle":"howimetyourmother","imdbId":"tt0460649","titleSlug":"how-i-met-your-mother","rootFolderPath":"/tv/","certification":"TV-14","genres":["Comedy","Romance"],"tags":[],"added":"2023-01-01T16:37:52.606237Z","ratings":{"votes":17525,"value":8.9},"statistics":{"seasonCount":9,"episodeFileCount":0,"episodeCount":24,"totalEpisodeCount":221,"sizeOnDisk":0,"releaseGroups":[],"percentOfEpisodes":0},"id":1}}
2023-01-01T16:38:00.004Z [debug][Jobs]: Starting scheduled job: Download Sync 
2023-01-01T16:38:02.238Z [debug][API]: Something went wrong retrieving series ratings {"errorMessage":"[RT API] Failed to retrieve tv ratings: Request failed with status code 404","tvId":"1100"}
2023-01-01T16:38:30.711Z [debug][API]: Something went wrong retrieving series ratings {"errorMessage":"[RT API] Failed to retrieve tv ratings: Request failed with status code 404","tvId":"1100"}
2023-01-01T16:38:41.281Z [debug][API]: Something went wrong retrieving series ratings {"errorMessage":"[RT API] Failed to retrieve tv ratings: Request failed with status code 404","tvId":"1100"}
2023-01-01T16:38:52.121Z [debug][API]: Something went wrong retrieving series ratings {"errorMessage":"[RT API] Failed to retrieve tv ratings: Request failed with status code 404","tvId":"1100"}
2023-01-01T16:39:00.008Z [debug][Jobs]: Starting scheduled job: Download Sync 
2023-01-01T16:40:00.013Z [debug][Jobs]: Starting scheduled job: Download Sync 
2023-01-01T16:40:00.016Z [info][Jobs]: Starting scheduled job: Plex Recently Added Scan 
2023-01-01T16:40:00.016Z [info][Plex Scan]: Scan starting {"sessionId":"45f7994e-5acb-4ce7-baa8-c07bccbcfc46"}
2023-01-01T16:40:00.020Z [info][Jobs]: Starting scheduled job: Plex Watchlist Sync 
2023-01-01T16:40:00.026Z [info][Plex Scan]: Beginning to process recently added for library: Films {"lastScan":1672590900025}
2023-01-01T16:40:00.029Z [info][Plex Scan]: Beginning to process recently added for library: Séries TV {"lastScan":1672590900055}
2023-01-01T16:40:00.075Z [info][Plex Scan]: Recently Added Scan Complete 
2023-01-01T16:41:00.010Z [debug][Jobs]: Starting scheduled job: Download Sync 
2023-01-01T16:42:00.013Z [debug][Jobs]: Starting scheduled job: Download Sync 
2023-01-01T16:43:00.011Z [debug][Jobs]: Starting scheduled job: Download Sync 
2023-01-01T16:44:00.010Z [debug][Jobs]: Starting scheduled job: Download Sync 
2023-01-01T16:45:00.010Z [debug][Jobs]: Starting scheduled job: Download Sync 
2023-01-01T16:45:00.015Z [info][Jobs]: Starting scheduled job: Plex Recently Added Scan 
2023-01-01T16:45:00.015Z [info][Plex Scan]: Scan starting {"sessionId":"22b42a25-1657-4c09-aee0-856ae925fb83"}
2023-01-01T16:45:00.019Z [info][Plex Scan]: Beginning to process recently added for library: Films {"lastScan":1672591200029}
2023-01-01T16:45:00.023Z [info][Plex Scan]: Beginning to process recently added for library: Séries TV {"lastScan":1672591200032}
2023-01-01T16:45:00.026Z [info][Plex Scan]: Recently Added Scan Complete 
2023-01-01T16:46:00.011Z [debug][Jobs]: Starting scheduled job: Download Sync 
2023-01-01T16:47:00.006Z [debug][Jobs]: Starting scheduled job: Download Sync 
2023-01-01T17:19:18.309Z [info]: Commit Tag: v1.31.0 
2023-01-01T17:19:18.774Z [info]: Starting Overseerr version 1.31.0 
2023-01-01T17:19:19.883Z [info][Notifications]: Registered notification agents 
2023-01-01T17:19:19.905Z [info][Jobs]: Scheduled jobs loaded 
2023-01-01T17:19:20.018Z [info][Server]: Server ready on port 5055 
2023-01-01T17:19:24.853Z [debug][API]: Something went wrong retrieving series ratings {"errorMessage":"[RT API] Failed to retrieve tv ratings: Request failed with status code 404","tvId":"1100"}
2023-01-01T17:19:26.462Z [debug][API]: Something went wrong retrieving series ratings {"errorMessage":"[RT API] Failed to retrieve tv ratings: Request failed with status code 404","tvId":"1100"}
2023-01-01T17:20:00.014Z [debug][Jobs]: Starting scheduled job: Download Sync 
2023-01-01T17:20:00.023Z [error][Download Tracker]: Unable to get queue from Radarr server: Radarr 
2023-01-01T17:20:00.024Z [error][Download Tracker]: Unable to get queue from Sonarr server: Sonarr 
2023-01-01T17:20:00.027Z [info][Jobs]: Starting scheduled job: Plex Watchlist Sync 
2023-01-01T17:20:00.032Z [info][Jobs]: Starting scheduled job: Plex Recently Added Scan 
2023-01-01T17:20:00.033Z [info][Plex Scan]: Scan starting {"sessionId":"2bf63ff0-c08d-43f4-8fa9-c4459e1f1acb"}
2023-01-01T17:20:00.041Z [error][Plex Scan]: Scan interrupted {"errorMessage":"connect ECONNREFUSED 172.24.0.4:32400"}
2023-01-01T17:21:00.005Z [debug][Jobs]: Starting scheduled job: Download Sync 
2023-01-01T17:21:00.007Z [error][Download Tracker]: Unable to get queue from Radarr server: Radarr 
2023-01-01T17:21:00.008Z [error][Download Tracker]: Unable to get queue from Sonarr server: Sonarr 
2023-01-01T17:22:00.007Z [debug][Jobs]: Starting scheduled job: Download Sync 
2023-01-01T17:22:00.010Z [error][Download Tracker]: Unable to get queue from Radarr server: Radarr 
2023-01-01T17:22:00.011Z [error][Download Tracker]: Unable to get queue from Sonarr server: Sonarr 
2023-01-01T17:23:00.016Z [debug][Jobs]: Starting scheduled job: Download Sync 
2023-01-01T17:23:00.020Z [error][Download Tracker]: Unable to get queue from Radarr server: Radarr 
2023-01-01T17:23:00.021Z [error][Download Tracker]: Unable to get queue from Sonarr server: Sonarr 
2023-01-01T17:24:00.014Z [debug][Jobs]: Starting scheduled job: Download Sync 
2023-01-01T17:24:00.017Z [error][Download Tracker]: Unable to get queue from Radarr server: Radarr 
2023-01-01T17:24:00.018Z [error][Download Tracker]: Unable to get queue from Sonarr server: Sonarr 
2023-01-01T17:25:00.012Z [debug][Jobs]: Starting scheduled job: Download Sync 
2023-01-01T17:25:00.015Z [error][Download Tracker]: Unable to get queue from Radarr server: Radarr 
2023-01-01T17:25:00.015Z [error][Download Tracker]: Unable to get queue from Sonarr server: Sonarr 
2023-01-01T17:25:00.017Z [info][Jobs]: Starting scheduled job: Plex Recently Added Scan 
2023-01-01T17:25:00.017Z [info][Plex Scan]: Scan starting {"sessionId":"d5c0fcbb-9eaa-4317-84ad-cea8cdf61cb6"}
2023-01-01T17:25:00.021Z [error][Plex Scan]: Scan interrupted {"errorMessage":"connect ECONNREFUSED 172.24.0.4:32400"}
2023-01-01T17:26:00.004Z [debug][Jobs]: Starting scheduled job: Download Sync 
2023-01-01T17:26:00.007Z [error][Download Tracker]: Unable to get queue from Radarr server: Radarr 
2023-01-01T17:26:00.007Z [error][Download Tracker]: Unable to get queue from Sonarr server: Sonarr 
2023-01-01T17:27:00.014Z [debug][Jobs]: Starting scheduled job: Download Sync 
2023-01-01T17:27:00.016Z [error][Download Tracker]: Unable to get queue from Radarr server: Radarr 
2023-01-01T17:27:00.017Z [error][Download Tracker]: Unable to get queue from Sonarr server: Sonarr 
2023-01-01T17:28:00.010Z [debug][Jobs]: Starting scheduled job: Download Sync 
2023-01-01T17:28:00.014Z [error][Download Tracker]: Unable to get queue from Radarr server: Radarr 
2023-01-01T17:28:00.015Z [error][Download Tracker]: Unable to get queue from Sonarr server: Sonarr 
2023-01-01T17:29:00.010Z [debug][Jobs]: Starting scheduled job: Download Sync 
2023-01-01T17:29:00.013Z [error][Download Tracker]: Unable to get queue from Radarr server: Radarr 
2023-01-01T17:29:00.015Z [error][Download Tracker]: Unable to get queue from Sonarr server: Sonarr 
2023-01-01T17:30:00.014Z [debug][Jobs]: Starting scheduled job: Download Sync 
2023-01-01T17:30:00.016Z [error][Download Tracker]: Unable to get queue from Radarr server: Radarr 
2023-01-01T17:30:00.017Z [error][Download Tracker]: Unable to get queue from Sonarr server: Sonarr 
2023-01-01T17:30:00.019Z [info][Jobs]: Starting scheduled job: Plex Recently Added Scan 
2023-01-01T17:30:00.019Z [info][Plex Scan]: Scan starting {"sessionId":"ec3ec2b3-5e62-4026-98f9-1441f732ac38"}
2023-01-01T17:30:00.023Z [info][Jobs]: Starting scheduled job: Plex Watchlist Sync 
2023-01-01T17:30:00.027Z [error][Plex Scan]: Scan interrupted {"errorMessage":"connect ECONNREFUSED 172.24.0.4:32400"}
2023-01-01T17:31:00.013Z [debug][Jobs]: Starting scheduled job: Download Sync 
2023-01-01T17:31:00.016Z [error][Download Tracker]: Unable to get queue from Radarr server: Radarr 
2023-01-01T17:31:00.017Z [error][Download Tracker]: Unable to get queue from Sonarr server: Sonarr 
2023-01-01T17:32:00.012Z [debug][Jobs]: Starting scheduled job: Download Sync 
2023-01-01T17:32:00.016Z [error][Download Tracker]: Unable to get queue from Radarr server: Radarr 
2023-01-01T17:32:00.016Z [error][Download Tracker]: Unable to get queue from Sonarr server: Sonarr 
2023-01-01T17:33:00.012Z [debug][Jobs]: Starting scheduled job: Download Sync 
2023-01-01T17:33:00.015Z [error][Download Tracker]: Unable to get queue from Radarr server: Radarr 
2023-01-01T17:33:00.016Z [error][Download Tracker]: Unable to get queue from Sonarr server: Sonarr 
2023-01-01T17:34:00.015Z [debug][Jobs]: Starting scheduled job: Download Sync 
2023-01-01T17:34:00.018Z [error][Download Tracker]: Unable to get queue from Radarr server: Radarr 
2023-01-01T17:34:00.018Z [error][Download Tracker]: Unable to get queue from Sonarr server: Sonarr 
2023-01-01T17:35:00.009Z [debug][Jobs]: Starting scheduled job: Download Sync 
2023-01-01T17:35:00.011Z [error][Download Tracker]: Unable to get queue from Radarr server: Radarr 
2023-01-01T17:35:00.011Z [error][Download Tracker]: Unable to get queue from Sonarr server: Sonarr 
2023-01-01T17:35:00.012Z [info][Jobs]: Starting scheduled job: Plex Recently Added Scan 
2023-01-01T17:35:00.013Z [info][Plex Scan]: Scan starting {"sessionId":"64b5a8a4-7ec1-4500-b91b-ec20cab46811"}
2023-01-01T17:35:00.015Z [error][Plex Scan]: Scan interrupted {"errorMessage":"connect ECONNREFUSED 172.24.0.4:32400"}
2023-01-01T17:36:00.009Z [debug][Jobs]: Starting scheduled job: Download Sync 
2023-01-01T17:36:00.011Z [error][Download Tracker]: Unable to get queue from Radarr server: Radarr 
2023-01-01T17:36:00.011Z [error][Download Tracker]: Unable to get queue from Sonarr server: Sonarr 
2023-01-01T17:37:00.009Z [debug][Jobs]: Starting scheduled job: Download Sync 
2023-01-01T17:37:00.012Z [error][Download Tracker]: Unable to get queue from Radarr server: Radarr 
2023-01-01T17:37:00.013Z [error][Download Tracker]: Unable to get queue from Sonarr server: Sonarr 
2023-01-01T17:38:00.011Z [debug][Jobs]: Starting scheduled job: Download Sync 
2023-01-01T17:38:00.014Z [error][Download Tracker]: Unable to get queue from Radarr server: Radarr 
2023-01-01T17:38:00.014Z [error][Download Tracker]: Unable to get queue from Sonarr server: Sonarr 
2023-01-01T17:39:00.009Z [debug][Jobs]: Starting scheduled job: Download Sync 
2023-01-01T17:39:00.013Z [error][Download Tracker]: Unable to get queue from Radarr server: Radarr 
2023-01-01T17:39:00.014Z [error][Download Tracker]: Unable to get queue from Sonarr server: Sonarr 
2023-01-01T17:40:00.012Z [debug][Jobs]: Starting scheduled job: Download Sync 
2023-01-01T17:40:00.015Z [error][Download Tracker]: Unable to get queue from Radarr server: Radarr 
2023-01-01T17:40:00.015Z [error][Download Tracker]: Unable to get queue from Sonarr server: Sonarr 
2023-01-01T17:40:00.017Z [info][Jobs]: Starting scheduled job: Plex Recently Added Scan 
2023-01-01T17:40:00.017Z [info][Plex Scan]: Scan starting {"sessionId":"f45678f3-6973-4d1f-b27f-c1068b6e047d"}
2023-01-01T17:40:00.019Z [info][Jobs]: Starting scheduled job: Plex Watchlist Sync 
2023-01-01T17:40:00.022Z [error][Plex Scan]: Scan interrupted {"errorMessage":"connect ECONNREFUSED 172.24.0.4:32400"}
2023-01-01T17:41:00.009Z [debug][Jobs]: Starting scheduled job: Download Sync 
2023-01-01T17:41:00.013Z [error][Download Tracker]: Unable to get queue from Radarr server: Radarr 
2023-01-01T17:41:00.014Z [error][Download Tracker]: Unable to get queue from Sonarr server: Sonarr 
2023-01-01T17:42:00.011Z [debug][Jobs]: Starting scheduled job: Download Sync 
2023-01-01T17:42:00.014Z [error][Download Tracker]: Unable to get queue from Radarr server: Radarr 
2023-01-01T17:42:00.015Z [error][Download Tracker]: Unable to get queue from Sonarr server: Sonarr 
2023-01-01T17:43:00.009Z [debug][Jobs]: Starting scheduled job: Download Sync 
2023-01-01T17:43:00.012Z [error][Download Tracker]: Unable to get queue from Radarr server: Radarr 
2023-01-01T17:43:00.013Z [error][Download Tracker]: Unable to get queue from Sonarr server: Sonarr 
2023-01-01T17:44:00.009Z [debug][Jobs]: Starting scheduled job: Download Sync 
2023-01-01T17:44:00.011Z [error][Download Tracker]: Unable to get queue from Radarr server: Radarr 
2023-01-01T17:44:00.011Z [error][Download Tracker]: Unable to get queue from Sonarr server: Sonarr 
2023-01-01T17:45:00.012Z [debug][Jobs]: Starting scheduled job: Download Sync 
2023-01-01T17:45:00.016Z [error][Download Tracker]: Unable to get queue from Radarr server: Radarr 
2023-01-01T17:45:00.017Z [error][Download Tracker]: Unable to get queue from Sonarr server: Sonarr 
2023-01-01T17:45:00.020Z [info][Jobs]: Starting scheduled job: Plex Recently Added Scan 
2023-01-01T17:45:00.021Z [info][Plex Scan]: Scan starting {"sessionId":"9ac91041-c09a-4007-927a-dbf90a4caeba"}
2023-01-01T17:45:00.028Z [error][Plex Scan]: Scan interrupted {"errorMessage":"connect ECONNREFUSED 172.24.0.4:32400"}
2023-01-01T17:46:00.013Z [debug][Jobs]: Starting scheduled job: Download Sync 
2023-01-01T17:46:00.015Z [error][Download Tracker]: Unable to get queue from Radarr server: Radarr 
2023-01-01T17:46:00.016Z [error][Download Tracker]: Unable to get queue from Sonarr server: Sonarr 
2023-01-01T17:47:00.013Z [debug][Jobs]: Starting scheduled job: Download Sync 
2023-01-01T17:47:00.015Z [error][Download Tracker]: Unable to get queue from Radarr server: Radarr 
2023-01-01T17:47:00.015Z [error][Download Tracker]: Unable to get queue from Sonarr server: Sonarr 
2023-01-01T17:48:00.009Z [debug][Jobs]: Starting scheduled job: Download Sync 
2023-01-01T17:48:00.011Z [error][Download Tracker]: Unable to get queue from Radarr server: Radarr 
2023-01-01T17:48:00.012Z [error][Download Tracker]: Unable to get queue from Sonarr server: Sonarr 
2023-01-01T17:49:00.013Z [debug][Jobs]: Starting scheduled job: Download Sync 
2023-01-01T17:49:00.016Z [error][Download Tracker]: Unable to get queue from Radarr server: Radarr 
2023-01-01T17:49:00.017Z [error][Download Tracker]: Unable to get queue from Sonarr server: Sonarr 
2023-01-01T17:50:00.009Z [debug][Jobs]: Starting scheduled job: Download Sync 
2023-01-01T17:50:00.010Z [error][Download Tracker]: Unable to get queue from Radarr server: Radarr 
2023-01-01T17:50:00.011Z [error][Download Tracker]: Unable to get queue from Sonarr server: Sonarr 
2023-01-01T17:50:00.012Z [info][Jobs]: Starting scheduled job: Plex Recently Added Scan 
2023-01-01T17:50:00.013Z [info][Plex Scan]: Scan starting {"sessionId":"b7773262-6edb-4459-b88e-4ea8267a5c73"}
2023-01-01T17:50:00.016Z [info][Jobs]: Starting scheduled job: Plex Watchlist Sync 
2023-01-01T17:50:00.023Z [error][Plex Scan]: Scan interrupted {"errorMessage":"connect ECONNREFUSED 172.24.0.4:32400"}
2023-01-01T17:51:00.010Z [debug][Jobs]: Starting scheduled job: Download Sync 
2023-01-01T17:51:00.013Z [error][Download Tracker]: Unable to get queue from Radarr server: Radarr 
2023-01-01T17:51:00.014Z [error][Download Tracker]: Unable to get queue from Sonarr server: Sonarr 
2023-01-01T17:52:00.013Z [debug][Jobs]: Starting scheduled job: Download Sync 
2023-01-01T17:52:00.015Z [error][Download Tracker]: Unable to get queue from Radarr server: Radarr 
2023-01-01T17:52:00.015Z [error][Download Tracker]: Unable to get queue from Sonarr server: Sonarr 
2023-01-01T17:53:00.010Z [debug][Jobs]: Starting scheduled job: Download Sync 
2023-01-01T17:53:00.014Z [error][Download Tracker]: Unable to get queue from Radarr server: Radarr 
2023-01-01T17:53:00.014Z [error][Download Tracker]: Unable to get queue from Sonarr server: Sonarr 
2023-01-01T17:54:00.011Z [debug][Jobs]: Starting scheduled job: Download Sync 
2023-01-01T17:54:00.015Z [error][Download Tracker]: Unable to get queue from Radarr server: Radarr 
2023-01-01T17:54:00.015Z [error][Download Tracker]: Unable to get queue from Sonarr server: Sonarr 
2023-01-01T17:55:00.006Z [debug][Jobs]: Starting scheduled job: Download Sync 
2023-01-01T17:55:00.009Z [error][Download Tracker]: Unable to get queue from Radarr server: Radarr 
2023-01-01T17:55:00.010Z [error][Download Tracker]: Unable to get queue from Sonarr server: Sonarr 
2023-01-01T17:55:00.014Z [info][Jobs]: Starting scheduled job: Plex Recently Added Scan 
2023-01-01T17:55:00.015Z [info][Plex Scan]: Scan starting {"sessionId":"18514c0c-6575-4038-b7ef-2a000b7ecb1d"}
2023-01-01T17:55:00.020Z [error][Plex Scan]: Scan interrupted {"errorMessage":"connect ECONNREFUSED 172.24.0.4:32400"}
2023-01-01T17:56:00.009Z [debug][Jobs]: Starting scheduled job: Download Sync 
2023-01-01T17:56:00.012Z [error][Download Tracker]: Unable to get queue from Radarr server: Radarr 
2023-01-01T17:56:00.013Z [error][Download Tracker]: Unable to get queue from Sonarr server: Sonarr 
2023-01-01T17:57:00.011Z [debug][Jobs]: Starting scheduled job: Download Sync 
2023-01-01T17:57:00.014Z [error][Download Tracker]: Unable to get queue from Radarr server: Radarr 
2023-01-01T17:57:00.015Z [error][Download Tracker]: Unable to get queue from Sonarr server: Sonarr 
2023-01-01T17:58:00.004Z [debug][Jobs]: Starting scheduled job: Download Sync 
2023-01-01T17:58:00.007Z [error][Download Tracker]: Unable to get queue from Radarr server: Radarr 
2023-01-01T17:58:00.008Z [error][Download Tracker]: Unable to get queue from Sonarr server: Sonarr 
2023-01-01T17:59:00.008Z [debug][Jobs]: Starting scheduled job: Download Sync 
2023-01-01T17:59:00.010Z [error][Download Tracker]: Unable to get queue from Radarr server: Radarr 
2023-01-01T17:59:00.010Z [error][Download Tracker]: Unable to get queue from Sonarr server: Sonarr 
2023-01-01T18:00:00.009Z [debug][Jobs]: Starting scheduled job: Download Sync 
2023-01-01T18:00:00.012Z [error][Download Tracker]: Unable to get queue from Radarr server: Radarr 
2023-01-01T18:00:00.013Z [error][Download Tracker]: Unable to get queue from Sonarr server: Sonarr 
2023-01-01T18:00:00.016Z [info][Jobs]: Starting scheduled job: Plex Recently Added Scan 
2023-01-01T18:00:00.017Z [info][Plex Scan]: Scan starting {"sessionId":"c3f1c08c-0723-4024-9fd7-9b81d980bbf3"}
2023-01-01T18:00:00.021Z [info][Jobs]: Starting scheduled job: Plex Watchlist Sync 
2023-01-01T18:00:00.027Z [error][Plex Scan]: Scan interrupted {"errorMessage":"connect ECONNREFUSED 172.24.0.4:32400"}
2023-01-01T18:01:00.010Z [debug][Jobs]: Starting scheduled job: Download Sync 
2023-01-01T18:01:00.012Z [error][Download Tracker]: Unable to get queue from Radarr server: Radarr 
2023-01-01T18:01:00.012Z [error][Download Tracker]: Unable to get queue from Sonarr server: Sonarr 
2023-01-01T18:02:00.009Z [debug][Jobs]: Starting scheduled job: Download Sync 
2023-01-01T18:02:00.013Z [error][Download Tracker]: Unable to get queue from Radarr server: Radarr 
2023-01-01T18:02:00.014Z [error][Download Tracker]: Unable to get queue from Sonarr server: Sonarr 
2023-01-01T18:03:00.008Z [debug][Jobs]: Starting scheduled job: Download Sync 
2023-01-01T18:03:00.011Z [error][Download Tracker]: Unable to get queue from Radarr server: Radarr 
2023-01-01T18:03:00.012Z [error][Download Tracker]: Unable to get queue from Sonarr server: Sonarr 
2023-01-01T18:04:00.011Z [debug][Jobs]: Starting scheduled job: Download Sync 
2023-01-01T18:04:00.014Z [error][Download Tracker]: Unable to get queue from Radarr server: Radarr 
2023-01-01T18:04:00.015Z [error][Download Tracker]: Unable to get queue from Sonarr server: Sonarr 
2023-01-01T18:05:00.009Z [debug][Jobs]: Starting scheduled job: Download Sync 
2023-01-01T18:05:00.012Z [error][Download Tracker]: Unable to get queue from Radarr server: Radarr 
2023-01-01T18:05:00.012Z [error][Download Tracker]: Unable to get queue from Sonarr server: Sonarr 
2023-01-01T18:05:00.013Z [info][Jobs]: Starting scheduled job: Plex Recently Added Scan 
2023-01-01T18:05:00.013Z [info][Plex Scan]: Scan starting {"sessionId":"0d904975-970b-44d5-a669-226d648b79c3"}
2023-01-01T18:05:00.016Z [error][Plex Scan]: Scan interrupted {"errorMessage":"connect ECONNREFUSED 172.24.0.4:32400"}
2023-01-01T18:06:00.010Z [debug][Jobs]: Starting scheduled job: Download Sync 
2023-01-01T18:06:00.011Z [error][Download Tracker]: Unable to get queue from Radarr server: Radarr 
2023-01-01T18:06:00.011Z [error][Download Tracker]: Unable to get queue from Sonarr server: Sonarr 
2023-01-01T18:07:00.012Z [debug][Jobs]: Starting scheduled job: Download Sync 
2023-01-01T18:07:00.014Z [error][Download Tracker]: Unable to get queue from Radarr server: Radarr 
2023-01-01T18:07:00.014Z [error][Download Tracker]: Unable to get queue from Sonarr server: Sonarr 
2023-01-01T18:08:00.010Z [debug][Jobs]: Starting scheduled job: Download Sync 
2023-01-01T18:08:00.013Z [error][Download Tracker]: Unable to get queue from Radarr server: Radarr 
2023-01-01T18:08:00.014Z [error][Download Tracker]: Unable to get queue from Sonarr server: Sonarr 
2023-01-01T18:09:00.005Z [debug][Jobs]: Starting scheduled job: Download Sync 
2023-01-01T18:09:00.009Z [error][Download Tracker]: Unable to get queue from Radarr server: Radarr 
2023-01-01T18:09:00.010Z [error][Download Tracker]: Unable to get queue from Sonarr server: Sonarr 
2023-01-01T18:10:00.011Z [debug][Jobs]: Starting scheduled job: Download Sync 
2023-01-01T18:10:00.014Z [error][Download Tracker]: Unable to get queue from Radarr server: Radarr 
2023-01-01T18:10:00.015Z [error][Download Tracker]: Unable to get queue from Sonarr server: Sonarr 
2023-01-01T18:10:00.018Z [info][Jobs]: Starting scheduled job: Plex Recently Added Scan 
2023-01-01T18:10:00.019Z [info][Plex Scan]: Scan starting {"sessionId":"7a2b764e-4818-4f4b-85b7-180c00294cdc"}
2023-01-01T18:10:00.021Z [info][Jobs]: Starting scheduled job: Plex Watchlist Sync 
2023-01-01T18:10:00.024Z [error][Plex Scan]: Scan interrupted {"errorMessage":"connect ECONNREFUSED 172.24.0.4:32400"}
2023-01-01T18:11:00.005Z [debug][Jobs]: Starting scheduled job: Download Sync 
2023-01-01T18:11:00.009Z [error][Download Tracker]: Unable to get queue from Radarr server: Radarr 
2023-01-01T18:11:00.010Z [error][Download Tracker]: Unable to get queue from Sonarr server: Sonarr 
2023-01-01T18:12:00.008Z [debug][Jobs]: Starting scheduled job: Download Sync 
2023-01-01T18:12:00.009Z [error][Download Tracker]: Unable to get queue from Radarr server: Radarr 
2023-01-01T18:12:00.010Z [error][Download Tracker]: Unable to get queue from Sonarr server: Sonarr 
