Jan 02, 2023 17:20:10.018 [0x7f8cc76adb38] INFO - Plex Media Server v1.30.0.6486-629d58034 - Docker Docker Container (LinuxServer.io) x86_64 - build: linux-x86_64 debian - GMT 00:00
Jan 02, 2023 17:20:10.018 [0x7f8cc76adb38] INFO - Linux version: 5.15.0-56-generic, language: en-US
Jan 02, 2023 17:20:10.018 [0x7f8cc76adb38] INFO - Processor: 8-core 11th Gen Intel(R) Core(TM) i5-1135G7 @ 2.40GHz
Jan 02, 2023 17:20:10.018 [0x7f8cc76adb38] INFO - Compiler is - Clang 11.0.1 (https://plex.tv 9b997da8e5b47bdb4a9425b3a3b290be393b4b1f)
Jan 02, 2023 17:20:10.018 [0x7f8cc76adb38] INFO - /usr/lib/plexmediaserver/Plex Media Server
Jan 02, 2023 17:20:10.018 [0x7f8ccaf410d0] DEBUG - BPQ: [Idle] -> [Starting]
Jan 02, 2023 17:20:10.019 [0x7f8ccaf410d0] DEBUG - FeatureManager: Using cached data for features list
Jan 02, 2023 17:20:10.027 [0x7f8ccaf410d0] DEBUG - [CERT] Subject name is /CN=*.62e59c31c2584247af1e119846f508a2.plex.direct
Jan 02, 2023 17:20:10.027 [0x7f8ccaf410d0] DEBUG - [CERT] Installed certificate with fingerprint 84:14:5a:30:06:2d:b9:f8:55:3c:55:10:d0:75:7c:70:e4:e4:52:7b.
Jan 02, 2023 17:20:10.027 [0x7f8ccaf410d0] DEBUG - [CERT/OCSP] Stapling requests will be made to 'http://r3.o.lencr.org/'.
Jan 02, 2023 17:20:10.027 [0x7f8ccaf410d0] INFO - [CERT/OCSP] Successfully retrieved response from cache.
Jan 02, 2023 17:20:10.027 [0x7f8ccaf410d0] DEBUG - HttpServer: Listening on IPv6 as well as IPv4.
Jan 02, 2023 17:20:10.027 [0x7f8ccaf410d0] DEBUG - HttpServer: Listening on port 32400.
Jan 02, 2023 17:20:10.027 [0x7f8ccaf410d0] DEBUG - HttpServer: Listening on port 32401.
Jan 02, 2023 17:20:10.027 [0x7f8ccaf410d0] DEBUG - Running server...
Jan 02, 2023 17:20:10.027 [0x7f8ccaf410d0] DEBUG - Opening 20 database sessions to library (com.plexapp.plugins.library), SQLite 3.35.5, threadsafe=1
Jan 02, 2023 17:20:10.027 [0x7f8cc6d53b38] DEBUG - HttpServer: Set up a thread pool with 2 threads.
Jan 02, 2023 17:20:10.047 [0x7f8ccaf410d0] INFO - Running migrations. (EPG 0)
Jan 02, 2023 17:20:10.047 [0x7f8ccaf410d0] DEBUG - Captured session 0.
Jan 02, 2023 17:20:10.047 [0x7f8ccaf410d0] DEBUG - Captured session 1.
Jan 02, 2023 17:20:10.047 [0x7f8ccaf410d0] DEBUG - Captured session 2.
Jan 02, 2023 17:20:10.047 [0x7f8ccaf410d0] DEBUG - Captured session 3.
Jan 02, 2023 17:20:10.047 [0x7f8ccaf410d0] DEBUG - Captured session 4.
Jan 02, 2023 17:20:10.047 [0x7f8ccaf410d0] DEBUG - Captured session 5.
Jan 02, 2023 17:20:10.047 [0x7f8ccaf410d0] DEBUG - Captured session 6.
Jan 02, 2023 17:20:10.047 [0x7f8ccaf410d0] DEBUG - Captured session 7.
Jan 02, 2023 17:20:10.047 [0x7f8ccaf410d0] DEBUG - Captured session 8.
Jan 02, 2023 17:20:10.047 [0x7f8ccaf410d0] DEBUG - Captured session 9.
Jan 02, 2023 17:20:10.047 [0x7f8ccaf410d0] DEBUG - Captured session 10.
Jan 02, 2023 17:20:10.047 [0x7f8ccaf410d0] DEBUG - Captured session 11.
Jan 02, 2023 17:20:10.047 [0x7f8ccaf410d0] DEBUG - Captured session 12.
Jan 02, 2023 17:20:10.047 [0x7f8ccaf410d0] DEBUG - Captured session 13.
Jan 02, 2023 17:20:10.047 [0x7f8ccaf410d0] DEBUG - Captured session 14.
Jan 02, 2023 17:20:10.047 [0x7f8ccaf410d0] DEBUG - Captured session 15.
Jan 02, 2023 17:20:10.047 [0x7f8ccaf410d0] DEBUG - Captured session 16.
Jan 02, 2023 17:20:10.047 [0x7f8ccaf410d0] DEBUG - Captured session 17.
Jan 02, 2023 17:20:10.047 [0x7f8ccaf410d0] DEBUG - Captured session 18.
Jan 02, 2023 17:20:10.047 [0x7f8ccaf410d0] DEBUG - Captured session 19.
Jan 02, 2023 17:20:10.049 [0x7f8ccaf410d0] DEBUG - ChangestampAllocator: initialized to 2601796934163913392
Jan 02, 2023 17:20:10.049 [0x7f8ccaf410d0] DEBUG - Opening 2 database sessions to library (com.plexapp.plugins.library.blobs), SQLite 3.35.5, threadsafe=1
Jan 02, 2023 17:20:10.051 [0x7f8ccaf410d0] INFO - Running migrations. (EPG 0)
Jan 02, 2023 17:20:10.051 [0x7f8ccaf410d0] DEBUG - Captured session 0.
Jan 02, 2023 17:20:10.051 [0x7f8ccaf410d0] DEBUG - Captured session 1.
Jan 02, 2023 17:20:10.058 [0x7f8cc636ab38] DEBUG - Grabber: Cleaning up orphaned grabs.
Jan 02, 2023 17:20:10.059 [0x7f8cc6058b38] DEBUG - MyPlex: mapping state set to 'Unknown'.
Jan 02, 2023 17:20:10.059 [0x7f8ccaf410d0] DEBUG - Media Provider: Registering provider com.plexapp.plugins.library
Jan 02, 2023 17:20:10.059 [0x7f8cc636ab38] DEBUG - Grabber: Cleaned up 0 decrepit directories in 0.0 sec.
Jan 02, 2023 17:20:10.059 [0x7f8ccaf410d0] DEBUG - Auth: Refreshing tokens inside the token-based authentication filter.
Jan 02, 2023 17:20:10.059 [0x7f8cc6058b38] DEBUG - Relay: read 7 cached entries from hosts file
Jan 02, 2023 17:20:10.059 [0x7f8ccaf410d0] DEBUG - MyPlex: using cached data for request for https://plex.tv/api/v2/server/access_tokens?auth_token=xxxxxxxxxxxxxxxxxxxx
Jan 02, 2023 17:20:10.059 [0x7f8cc6058b38] DEBUG - [MediaProviderManager/HCl#1] HTTP requesting GET https://plex.tv/media/providers?X-Plex-Token=xxxxxxxxxxxxxxxxxxxx
Jan 02, 2023 17:20:10.059 [0x7f8ccaf410d0] DEBUG - MyPlex: updating with 7 access tokens
Jan 02, 2023 17:20:10.059 [0x7f8ccaf410d0] DEBUG - MyPlex: using cached data for request for https://plex.tv/api/v2/server/users?auth_token=xxxxxxxxxxxxxxxxxxxx
Jan 02, 2023 17:20:10.060 [0x7f8ccaf410d0] DEBUG - MyPlex: using cached data for request for https://plex.tv/api/v2/server/users/subscriptions?auth_token=xxxxxxxxxxxxxxxxxxxx
Jan 02, 2023 17:20:10.060 [0x7f8ccaf410d0] DEBUG - MyPlex: using cached data for request for https://plex.tv/api/v2/server/users/services?auth_token=xxxxxxxxxxxxxxxxxxxx
Jan 02, 2023 17:20:10.060 [0x7f8cc5e43b38] DEBUG - Auth: Refreshing tokens inside the token-based authentication filter.
Jan 02, 2023 17:20:10.060 [0x7f8cc5e43b38] DEBUG - [HCl#2] HTTP requesting GET https://plex.tv/api/v2/server/access_tokens?auth_token=xxxxxxxxxxxxxxxxxxxx
Jan 02, 2023 17:20:10.060 [0x7f8ccaf410d0] DEBUG - Opening 1 database sessions to library (), SQLite 3.35.5, threadsafe=1
Jan 02, 2023 17:20:10.061 [0x7f8cc5600b38] DEBUG - File "/usr/lib/plexmediaserver/Resources/Plug-ins-629d58034" changed: -1 => 2022-12-13 09:50:56 (1670925056).
Jan 02, 2023 17:20:10.061 [0x7f8cc5600b38] DEBUG - File "/config/Library/Application Support/Plex Media Server/Plug-ins" changed: -1 => 2023-01-01 15:04:14 (1672585454).
Jan 02, 2023 17:20:10.061 [0x7f8cc5600b38] DEBUG - Scanning for plug-ins in "/usr/lib/plexmediaserver/Resources/Plug-ins-629d58034"
Jan 02, 2023 17:20:10.062 [0x7f8cc5600b38] DEBUG - Not starting plug-in with duplicate identifier: com.plexapp.plugins.webclient found in: /usr/lib/plexmediaserver/Resources/Plug-ins-629d58034/ServerManager.bundle
Jan 02, 2023 17:20:10.062 [0x7f8cc5600b38] DEBUG - Scanning for plug-ins in "/config/Library/Application Support/Plex Media Server/Plug-ins"
Jan 02, 2023 17:20:10.062 [0x7f8cc5600b38] DEBUG - PluginRepository::setStartState: 1, startingSystem
Jan 02, 2023 17:20:10.062 [0x7f8cc5600b38] DEBUG - Starting plug-in /usr/lib/plexmediaserver/Resources/Plug-ins-629d58034/System.bundle.
Jan 02, 2023 17:20:10.062 [0x7f8cc5600b38] DEBUG - [com.plexapp.system] Setting plug-in to always running (daemon mode).
Jan 02, 2023 17:20:10.063 [0x7f8cc5600b38] DEBUG - Starting file watcher for com.plexapp.system
Jan 02, 2023 17:20:10.063 [0x7f8cc5600b38] DEBUG - Plugin: setting environment variable: 'PYTHONHOME=/usr/lib/plexmediaserver/Resources/Python'
Jan 02, 2023 17:20:10.063 [0x7f8cc5600b38] DEBUG - Plugin: setting environment variable: 'PYTHONPATH=/usr/lib/plexmediaserver/Resources/Python/python27.zip:/usr/lib/plexmediaserver/Resources/Python/lib/python2.7/site-packages'
Jan 02, 2023 17:20:10.063 [0x7f8cc5600b38] DEBUG - Spawned plug-in com.plexapp.system with PID 177
Jan 02, 2023 17:20:10.063 [0x7f8cc5600b38] DEBUG - [com.plexapp.system] Sending command: GET /:/prefixes
Jan 02, 2023 17:20:10.188 [0x7f8cc5c3fb38] DEBUG - [HttpClient/HCl#1] HTTP/2.0 (0.1s) 200 response from GET https://plex.tv/media/providers?X-Plex-Token=xxxxxxxxxxxxxxxxxxxx
Jan 02, 2023 17:20:10.188 [0x7f8cc6058b38] DEBUG - [MediaProviderManager/HCl#3] HTTP requesting GET https://plex.tv/media/providers?X-Plex-Token=xxxxxxxxxxxxxxxxxxxx
Jan 02, 2023 17:20:10.198 [0x7f8cc5c3fb38] DEBUG - [HttpClient/HCl#2] HTTP/2.0 (0.1s) 200 response from GET https://plex.tv/api/v2/server/access_tokens?auth_token=xxxxxxxxxxxxxxxxxxxx
Jan 02, 2023 17:20:10.198 [0x7f8cc5e43b38] DEBUG - MyPlex: updating with 7 access tokens
Jan 02, 2023 17:20:10.198 [0x7f8cc5e43b38] DEBUG - [HCl#4] HTTP requesting GET https://plex.tv/api/v2/server/users?auth_token=xxxxxxxxxxxxxxxxxxxx
Jan 02, 2023 17:20:10.226 [0x7f8cc5c3fb38] DEBUG - [HttpClient/HCl#3] HTTP/2.0 (0.0s) 200 response from GET https://plex.tv/media/providers?X-Plex-Token=xxxxxxxxxxxxxxxxxxxx (reused)
Jan 02, 2023 17:20:10.226 [0x7f8cc6058b38] DEBUG - [MediaProviderManager/HCl#5] HTTP requesting GET https://plex.tv/media/providers?X-Plex-Token=xxxxxxxxxxxxxxxxxxxx
Jan 02, 2023 17:20:10.242 [0x7f8cc5c3fb38] DEBUG - [HttpClient/HCl#4] HTTP/2.0 (0.0s) 200 response from GET https://plex.tv/api/v2/server/users?auth_token=xxxxxxxxxxxxxxxxxxxx (reused)
Jan 02, 2023 17:20:10.243 [0x7f8cc5a2ab38] DEBUG - [HCl#6] HTTP requesting GET https://plex.tv/api/v2/server/users/subscriptions?auth_token=xxxxxxxxxxxxxxxxxxxx
Jan 02, 2023 17:20:10.267 [0x7f8cc5c3fb38] DEBUG - [HttpClient/HCl#5] HTTP/2.0 (0.0s) 200 response from GET https://plex.tv/media/providers?X-Plex-Token=xxxxxxxxxxxxxxxxxxxx (reused)
Jan 02, 2023 17:20:10.267 [0x7f8cc6058b38] DEBUG - [MediaProviderManager] discovered cloud provider (Movies & TV)
Jan 02, 2023 17:20:10.267 [0x7f8cc6058b38] DEBUG - [MediaProviderManager] discovered cloud provider (Music)
Jan 02, 2023 17:20:10.267 [0x7f8cc6058b38] DEBUG - [MediaProviderManager] discovered cloud provider (Metadata)
Jan 02, 2023 17:20:10.267 [0x7f8cc636ab38] DEBUG - [MediaProviderManager/HCl#7] HTTP requesting GET https://vod.provider.plex.tv
Jan 02, 2023 17:20:10.267 [0x7f8cc6058b38] DEBUG - [MediaProviderManager] loading cloud provider details (Metadata) (alive: 0)
Jan 02, 2023 17:20:10.267 [0x7f8cc51e6b38] DEBUG - [MediaProviderManager/HCl#9] HTTP requesting GET https://music.provider.plex.tv
Jan 02, 2023 17:20:10.296 [0x7f8cc5c3fb38] DEBUG - [HttpClient/HCl#6] HTTP/2.0 (0.1s) 200 response from GET https://plex.tv/api/v2/server/users/subscriptions?auth_token=xxxxxxxxxxxxxxxxxxxx (reused)
Jan 02, 2023 17:20:10.296 [0x7f8cc5a2ab38] DEBUG - MyPlex: using cached data for request for https://plex.tv/api/v2/server/users/services?auth_token=xxxxxxxxxxxxxxxxxxxx
Jan 02, 2023 17:20:10.367 [0x7f8cc5e43b38] WARN - [MediaProviderManager] Unrecognized MediaProvider feature: availability
Jan 02, 2023 17:20:10.367 [0x7f8cc5e43b38] WARN - [MediaProviderManager] Unrecognized MediaProvider feature: availability-platforms
Jan 02, 2023 17:20:10.371 [0x7f8cc5c3fb38] DEBUG - [HttpClient/HCl#7] HTTP/2.0 (0.1s) 200 response from GET https://vod.provider.plex.tv
Jan 02, 2023 17:20:10.378 [0x7f8cc5c3fb38] DEBUG - [HttpClient/HCl#9] HTTP/2.0 (0.1s) 200 response from GET https://music.provider.plex.tv
Jan 02, 2023 17:20:10.383 [0x7f8cc6058b38] WARN - [MediaProviderManager] Unrecognized MediaProvider feature: availability
Jan 02, 2023 17:20:10.383 [0x7f8cc6058b38] WARN - [MediaProviderManager] Unrecognized MediaProvider feature: availability-platforms
Jan 02, 2023 17:20:10.383 [0x7f8cc6058b38] DEBUG - [MediaProviderManager] loading cloud provider details (Music) (alive: 1)
Jan 02, 2023 17:20:10.383 [0x7f8cc6058b38] DEBUG - [MediaProviderManager] loading cloud provider details (Movies & TV) (alive: 1)
Jan 02, 2023 17:20:10.383 [0x7f8cc6058b38] DEBUG - [MediaProviderManager] we had 0 cloud providers online, we now have 3
Jan 02, 2023 17:20:10.383 [0x7f8cc6058b38] DEBUG - [MediaProviderManager] cloud provider (Metadata) is online and available
Jan 02, 2023 17:20:10.383 [0x7f8cc6058b38] DEBUG - [MediaProviderManager] cloud provider (Music) is online and available
Jan 02, 2023 17:20:10.383 [0x7f8cc6058b38] DEBUG - [MediaProviderManager] cloud provider (Movies & TV) is online and available
Jan 02, 2023 17:20:10.755 [0x7f8cc4c91b38] DEBUG - Request: [127.0.0.1:37688 (Loopback)] GET /:/plugins/com.plexapp.system/messaging/function/X0J1bmRsZVNlcnZpY2U6QWxsU2VydmljZXM_/Y2VyZWFsMQoxCmxpc3QKMApyMAo_/Y2VyZWFsMQoxCmRpY3QKMApyMAo_ (2 live) #1 GZIP Token ()
Jan 02, 2023 17:20:10.755 [0x7f8cc7261b38] DEBUG - Completed: [127.0.0.1:37688] 503 GET /:/plugins/com.plexapp.system/messaging/function/X0J1bmRsZVNlcnZpY2U6QWxsU2VydmljZXM_/Y2VyZWFsMQoxCmxpc3QKMApyMAo_/Y2VyZWFsMQoxCmRpY3QKMApyMAo_ (2 live) GZIP 0ms 436 bytes
Jan 02, 2023 17:20:10.756 [0x7f8cc4c91b38] DEBUG - Request: [127.0.0.1:37698 (Loopback)] GET / (2 live) #3 GZIP Token ()
Jan 02, 2023 17:20:10.756 [0x7f8cc7261b38] DEBUG - Completed: [127.0.0.1:37698] 503 GET / (2 live) GZIP 0ms 436 bytes
Jan 02, 2023 17:20:11.020 [0x7f8cc7261b38] DEBUG - Request: didn't get any data from [::ffff:127.0.0.1]:37706: End of file
Jan 02, 2023 17:20:11.390 [0x7f8cc4c91b38] DEBUG - Request: [127.0.0.1:37720 (Loopback)] GET /servers (3 live) #8 GZIP Token ()
Jan 02, 2023 17:20:11.390 [0x7f8cc705eb38] DEBUG - Completed: [127.0.0.1:37720] 503 GET /servers (3 live) GZIP 0ms 436 bytes
Jan 02, 2023 17:20:11.399 [0x7f8cc5600b38] DEBUG - Reading 486 bytes in the body, code is 200
Jan 02, 2023 17:20:11.399 [0x7f8cc5600b38] DEBUG - [com.plexapp.system] Plug-in running on port 44509.
Jan 02, 2023 17:20:11.399 [0x7f8cc5600b38] DEBUG -  * Plug-in handles prefix: /system
Jan 02, 2023 17:20:11.399 [0x7f8cc5600b38] DEBUG -  * Plug-in handles prefix: /player
Jan 02, 2023 17:20:11.399 [0x7f8cc5600b38] DEBUG - Read configuration for [com.plexapp.system], had 2 prefixes
Jan 02, 2023 17:20:11.399 [0x7f8cc5600b38] DEBUG - Done with 1 synchronous plug-in starts, starting the rest in parallel.
Jan 02, 2023 17:20:11.399 [0x7f8cc5600b38] DEBUG - PluginRepository::setStartState: 2, startingPlugins
Jan 02, 2023 17:20:11.399 [0x7f8cc5600b38] DEBUG - Updating the list of agents known by the system.
Jan 02, 2023 17:20:11.399 [0x7f8cc5600b38] DEBUG - [com.plexapp.system] Sending command over HTTP (GET): /system/agents
Jan 02, 2023 17:20:11.399 [0x7f8cc5600b38] DEBUG - [HCl#b] HTTP requesting GET http://127.0.0.1:44509/system/agents
Jan 02, 2023 17:20:11.400 [0x7f8ccaf410d0] DEBUG - Image transcode cache directory: "/config/Library/Application Support/Plex Media Server/Cache/PhotoTranscoder"
Jan 02, 2023 17:20:11.400 [0x7f8ccaf410d0] DEBUG - Transcoder: Cleaning old transcode directories.
Jan 02, 2023 17:20:11.401 [0x7f8ccaf410d0] DEBUG - MyPlex: using cached data for request for https://plex.tv/api/v2/server/access_tokens?auth_token=xxxxxxxxxxxxxxxxxxxx
Jan 02, 2023 17:20:11.401 [0x7f8ccaf410d0] DEBUG - MyPlex: updating with 7 access tokens
Jan 02, 2023 17:20:11.401 [0x7f8ccaf410d0] DEBUG - MyPlex: using cached data for request for https://plex.tv/api/v2/server/users?auth_token=xxxxxxxxxxxxxxxxxxxx
Jan 02, 2023 17:20:11.401 [0x7f8ccaf410d0] DEBUG - MyPlex: using cached data for request for https://plex.tv/api/v2/server/users/subscriptions?auth_token=xxxxxxxxxxxxxxxxxxxx
Jan 02, 2023 17:20:11.401 [0x7f8ccaf410d0] DEBUG - MyPlex: using cached data for request for https://plex.tv/api/v2/server/users/services?auth_token=xxxxxxxxxxxxxxxxxxxx
Jan 02, 2023 17:20:11.401 [0x7f8ccaf410d0] DEBUG - MyPlex: using cached data for request for https://plex.tv/api/v2/user?includeSubscriptions=1&includeProviders=1
Jan 02, 2023 17:20:11.402 [0x7f8ccaf410d0] DEBUG - MyPlex: username is maximelao471, login is maxime.laopro@gmail.com, home is 0, no pin
Jan 02, 2023 17:20:11.402 [0x7f8cc51e6b38] DEBUG - [MediaProviderManager/HCl#c] HTTP requesting GET https://plex.tv/media/providers?X-Plex-Token=xxxxxxxxxxxxxxxxxxxx
Jan 02, 2023 17:20:11.402 [0x7f8ccaf410d0] DEBUG - MyPlex: start public ip check and mapping - current mapped state: 'Unknown'.
Jan 02, 2023 17:20:11.402 [0x7f8ccaf410d0] DEBUG - MyPlex: mapping state set to 'Not Mapped'.
Jan 02, 2023 17:20:11.402 [0x7f8ccaf410d0] DEBUG - PublicAddressManager: Starting.
Jan 02, 2023 17:20:11.402 [0x7f8ccaf410d0] DEBUG - PublicAddressManager: Obtaining public address and mapping port.
Jan 02, 2023 17:20:11.402 [0x7f8ccaf410d0] DEBUG - NetworkInterface: Starting watch thread.
Jan 02, 2023 17:20:11.402 [0x7f8ccaf410d0] DEBUG - Network change.
Jan 02, 2023 17:20:11.402 [0x7f8ccaf410d0] DEBUG - NetworkInterface: Notified of network changed (force=0)
Jan 02, 2023 17:20:11.402 [0x7f8cc6058b38] DEBUG - PublicAddressManager: Obtaining public IP.
Jan 02, 2023 17:20:11.402 [0x7f8cc6058b38] DEBUG - [HCl#e] HTTP requesting GET https://v4.plex.tv/pms/:/ip
Jan 02, 2023 17:20:11.402 [0x7f8cc5e43b38] DEBUG - NAT: UPnP, attempting port mapping.
Jan 02, 2023 17:20:11.402 [0x7f8ccaf410d0] DEBUG - Detected primary interface: 172.24.0.5
Jan 02, 2023 17:20:11.402 [0x7f8ccaf410d0] DEBUG - Network interfaces:
Jan 02, 2023 17:20:11.402 [0x7f8ccaf410d0] DEBUG -  * 1 lo (127.0.0.1) (00-00-00-00-00-00) (loopback: 1)
Jan 02, 2023 17:20:11.402 [0x7f8ccaf410d0] DEBUG -  * 89 eth0 (172.24.0.5) (02-42-AC-18-00-05) (loopback: 0)
Jan 02, 2023 17:20:11.402 [0x7f8ccaf410d0] DEBUG - Creating NetworkServices singleton.
Jan 02, 2023 17:20:11.402 [0x7f8ccaf410d0] DEBUG - NetworkServices: Initializing...
Jan 02, 2023 17:20:11.402 [0x7f8ccaf410d0] DEBUG - NetworkService: Creating new service.
Jan 02, 2023 17:20:11.402 [0x7f8ccaf410d0] DEBUG - NetworkService: Got notification of changed network (first change: 1)
Jan 02, 2023 17:20:11.402 [0x7f8ccaf410d0] DEBUG - NetworkService: Quick dispatch of network change.
Jan 02, 2023 17:20:11.403 [0x7f8ccaf410d0] DEBUG - NetworkService: Creating new service.
Jan 02, 2023 17:20:11.403 [0x7f8ccaf410d0] DEBUG - NetworkService: Got notification of changed network (first change: 1)
Jan 02, 2023 17:20:11.403 [0x7f8ccaf410d0] DEBUG - NetworkService: Quick dispatch of network change.
Jan 02, 2023 17:20:11.403 [0x7f8ccaf410d0] DEBUG - NetworkService: Creating new service.
Jan 02, 2023 17:20:11.403 [0x7f8ccaf410d0] DEBUG - NetworkService: Got notification of changed network (first change: 1)
Jan 02, 2023 17:20:11.403 [0x7f8ccaf410d0] DEBUG - NetworkService: Quick dispatch of network change.
Jan 02, 2023 17:20:11.403 [0x7f8ccaf410d0] DEBUG - NetworkService: Creating new service.
Jan 02, 2023 17:20:11.403 [0x7f8ccaf410d0] DEBUG - NetworkService: Got notification of changed network (first change: 1)
Jan 02, 2023 17:20:11.403 [0x7f8ccaf410d0] DEBUG - NetworkService: Quick dispatch of network change.
Jan 02, 2023 17:20:11.403 [0x7f8ccaf410d0] DEBUG - NetworkService: Creating new service.
Jan 02, 2023 17:20:11.403 [0x7f8ccaf410d0] DEBUG - NetworkService: Got notification of changed network (first change: 1)
Jan 02, 2023 17:20:11.403 [0x7f8cc488bb38] DEBUG - [HCl#d] HTTP requesting GET https://plex.tv/api/v2/user?includeSubscriptions=1&includeProviders=1
Jan 02, 2023 17:20:11.403 [0x7f8ccaf410d0] DEBUG - NetworkService: Quick dispatch of network change.
Jan 02, 2023 17:20:11.403 [0x7f8cc4688b38] DEBUG - NetworkInterface: Watching for changes on the interfaces.
Jan 02, 2023 17:20:11.403 [0x7f8ccaf410d0] DEBUG - NetworkService: Creating new service.
Jan 02, 2023 17:20:11.403 [0x7f8ccaf410d0] DEBUG - NetworkService: Got notification of changed network (first change: 1)
Jan 02, 2023 17:20:11.403 [0x7f8ccaf410d0] DEBUG - NetworkService: Quick dispatch of network change.
Jan 02, 2023 17:20:11.404 [0x7f8cc4485b38] DEBUG - Network change for advertiser.
Jan 02, 2023 17:20:11.404 [0x7f8cc4485b38] DEBUG - NetworkService: Setting up multicast listener on 0.0.0.0:32414
Jan 02, 2023 17:20:11.404 [0x7f8cc4485b38] DEBUG - Network change for advertiser.
Jan 02, 2023 17:20:11.404 [0x7f8cc636ab38] DEBUG - [HCl#f] HTTP requesting GET https://plex.tv/api/taas/profile
Jan 02, 2023 17:20:11.404 [0x7f8cc4485b38] DEBUG - NetworkService: Setting up multicast listener on 0.0.0.0:32410
Jan 02, 2023 17:20:11.404 [0x7f8cc4485b38] DEBUG - Network change for advertiser.
Jan 02, 2023 17:20:11.404 [0x7f8cc4485b38] DEBUG - NetworkService: Setting up multicast listener on 0.0.0.0:32412
Jan 02, 2023 17:20:11.404 [0x7f8cc4485b38] DEBUG - NetworkService: Network change for browser (polled=0), closing 0 browse sockets.
Jan 02, 2023 17:20:11.404 [0x7f8cc4485b38] DEBUG - NetworkService: Setting up multicast listener on 0.0.0.0:32413
Jan 02, 2023 17:20:11.404 [0x7f8cc3e7cb38] DEBUG - [ChildProcessMonitor] Plex Tuner Service starting.
Jan 02, 2023 17:20:11.404 [0x7f8cc3e7cb38] DEBUG - [ChildProcessMonitor/JobRunner] Job running: "/usr/lib/plexmediaserver/Plex Tuner Service" /usr/lib/plexmediaserver/Resources/Tuner/Private /usr/lib/plexmediaserver/Resources/Tuner/Shared 1.30.0.6486-629d58034 32600
Jan 02, 2023 17:20:11.404 [0x7f8cc4485b38] DEBUG - NetworkService: Browsing on interface 127.0.0.1 on broadcast address 127.255.255.255 (index: 0)
Jan 02, 2023 17:20:11.404 [0x7f8cc4485b38] DEBUG - NetworkService: Browsing on interface 172.24.0.5 on broadcast address 172.24.255.255 (index: 1)
Jan 02, 2023 17:20:11.404 [0x7f8cc3e7cb38] DEBUG - [ChildProcessMonitor/JobRunner] Jobs: Starting child process with pid 233
Jan 02, 2023 17:20:11.404 [0x7f8cc4485b38] DEBUG - NetworkService: Network change for browser (polled=1), closing 0 browse sockets.
Jan 02, 2023 17:20:11.404 [0x7f8cc4485b38] DEBUG - NetworkService: Browsing on interface 127.0.0.1 on broadcast address 127.255.255.255 (index: 0)
Jan 02, 2023 17:20:11.404 [0x7f8cc4485b38] DEBUG - NetworkService: Browsing on interface 172.24.0.5 on broadcast address 172.24.255.255 (index: 1)
Jan 02, 2023 17:20:11.405 [0x7f8cc4485b38] DEBUG - NetworkService: Network change for browser (polled=0), closing 0 browse sockets.
Jan 02, 2023 17:20:11.405 [0x7f8cc4485b38] DEBUG - NetworkService: Setting up multicast listener on 0.0.0.0:1901
Jan 02, 2023 17:20:11.405 [0x7f8cc4485b38] DEBUG - NetworkService: Browsing on interface 172.24.0.5 on broadcast address 239.255.255.250 (index: 0)
Jan 02, 2023 17:20:11.407 [0x7f8ccaf410d0] DEBUG - PublicAddressManager: Obtaining public address and mapping port.
Jan 02, 2023 17:20:11.408 [0x7f8ccaf410d0] DEBUG - [HCl#10] HTTP requesting GET https://plex.tv/api/v2/user/privacy?X-Plex-Token=xxxxxxxxxxxxxxxxxxxx
Jan 02, 2023 17:20:11.412 [0x7f8cc407fb38] DEBUG - DVR: Starting up.
Jan 02, 2023 17:20:11.423 [0x7f8cc407fb38] DEBUG - Activity: registered new activity 48b2abf3-4117-4cf3-ac40-6e5a54ee6844 - "Processing subscriptions"
Jan 02, 2023 17:20:11.439 [0x7f8cc5c3fb38] DEBUG - [HttpClient/HCl#b] HTTP/1.1 (0.0s) 200 response from GET http://127.0.0.1:44509/system/agents
Jan 02, 2023 17:20:11.439 [0x7f8cc5600b38] DEBUG - [com.plexapp.system] HTTP reply status 200, with 11288 bytes of content.
Jan 02, 2023 17:20:11.441 [0x7f8cc5600b38] DEBUG - The system knows about 18 agents.
Jan 02, 2023 17:20:11.441 [0x7f8cc3c79b38] DEBUG - Starting plug-in /usr/lib/plexmediaserver/Resources/Plug-ins-629d58034/PlexMovieNew.bundle.
Jan 02, 2023 17:20:11.441 [0x7f8cc3873b38] DEBUG - Starting plug-in /usr/lib/plexmediaserver/Resources/Plug-ins-629d58034/LyricFind.bundle.
Jan 02, 2023 17:20:11.441 [0x7f8cc3670b38] DEBUG - Starting plug-in /usr/lib/plexmediaserver/Resources/Plug-ins-629d58034/Musicbrainz.bundle.
Jan 02, 2023 17:20:11.441 [0x7f8cc5600b38] DEBUG - Removing /usr/lib/plexmediaserver/Resources/Plug-ins-629d58034/ServerManager.bundle.
Jan 02, 2023 17:20:11.441 [0x7f8cc5600b38] DEBUG - Waiting for 20 plug-ins to finish starting.
Jan 02, 2023 17:20:11.442 [0x7f8cc3873b38] DEBUG - Perfect cache hit, we don't need to start [com.plexapp.agents.lyricfind] yet.
Jan 02, 2023 17:20:11.442 [0x7f8cc3c79b38] DEBUG - Perfect cache hit, we don't need to start [tv.plex.agents.movie] yet.
Jan 02, 2023 17:20:11.442 [0x7f8cc3873b38] DEBUG - Starting plug-in /usr/lib/plexmediaserver/Resources/Plug-ins-629d58034/LocalMedia.bundle.
Jan 02, 2023 17:20:11.442 [0x7f8cc3c79b38] DEBUG - Starting plug-in /usr/lib/plexmediaserver/Resources/Plug-ins-629d58034/OpenSubtitles.bundle.
Jan 02, 2023 17:20:11.442 [0x7f8cc3670b38] DEBUG - Perfect cache hit, we don't need to start [org.musicbrainz.agents.music] yet.
Jan 02, 2023 17:20:11.442 [0x7f8cc3670b38] DEBUG - Starting plug-in /usr/lib/plexmediaserver/Resources/Plug-ins-629d58034/TheMovieDB.bundle.
Jan 02, 2023 17:20:11.443 [0x7f8cc5c3fb38] DEBUG - [HttpClient/HCl#f] HTTP/2.0 (0.0s) 200 response from GET https://plex.tv/api/taas/profile (reused)
Jan 02, 2023 17:20:11.443 [0x7f8cc5c3fb38] DEBUG - [HttpClient/HCl#10] HTTP/2.0 (0.0s) 200 response from GET https://plex.tv/api/v2/user/privacy?X-Plex-Token=xxxxxxxxxxxxxxxxxxxx (reused)
Jan 02, 2023 17:20:11.443 [0x7f8cc3c79b38] DEBUG - Perfect cache hit, we don't need to start [com.plexapp.agents.opensubtitles] yet.
Jan 02, 2023 17:20:11.443 [0x7f8cc3c79b38] DEBUG - Starting plug-in /usr/lib/plexmediaserver/Resources/Plug-ins-629d58034/TheTVDBv4.bundle.
Jan 02, 2023 17:20:11.444 [0x7f8cc3670b38] DEBUG - Perfect cache hit, we don't need to start [com.plexapp.agents.themoviedb] yet.
Jan 02, 2023 17:20:11.444 [0x7f8cc3873b38] DEBUG - Perfect cache hit, we don't need to start [com.plexapp.agents.localmedia] yet.
Jan 02, 2023 17:20:11.444 [0x7f8cc3670b38] DEBUG - Starting plug-in /usr/lib/plexmediaserver/Resources/Plug-ins-629d58034/LastFM.bundle.
Jan 02, 2023 17:20:11.444 [0x7f8cc3873b38] DEBUG - Starting plug-in /usr/lib/plexmediaserver/Resources/Plug-ins-629d58034/WebClient.bundle.
Jan 02, 2023 17:20:11.444 [0x7f8cc3c79b38] DEBUG - Perfect cache hit, we don't need to start [com.plexapp.agents.thetvdb] yet.
Jan 02, 2023 17:20:11.444 [0x7f8cc3c79b38] DEBUG - Starting plug-in /usr/lib/plexmediaserver/Resources/Plug-ins-629d58034/PlexSeries.bundle.
Jan 02, 2023 17:20:11.444 [0x7f8ccaf410d0] DEBUG - [DatabaseFixups] Running fix-ups.
Jan 02, 2023 17:20:11.445 [0x7f8cc3c79b38] DEBUG - Perfect cache hit, we don't need to start [tv.plex.agents.series] yet.
Jan 02, 2023 17:20:11.445 [0x7f8cc3c79b38] DEBUG - Starting plug-in /usr/lib/plexmediaserver/Resources/Plug-ins-629d58034/Fanart-TV.bundle.
Jan 02, 2023 17:20:11.445 [0x7f8cc3873b38] DEBUG - Starting plug-in /usr/lib/plexmediaserver/Resources/Plug-ins-629d58034/MoviePosterDB.bundle.
Jan 02, 2023 17:20:11.445 [0x7f8ccaf410d0] DEBUG - [DatabaseFixups] Destroyed 0 transient items.
Jan 02, 2023 17:20:11.446 [0x7f8cc3670b38] DEBUG - Perfect cache hit, we don't need to start [com.plexapp.agents.lastfm] yet.
Jan 02, 2023 17:20:11.446 [0x7f8cc3670b38] DEBUG - Starting plug-in /usr/lib/plexmediaserver/Resources/Plug-ins-629d58034/PlexMusic.bundle.
Jan 02, 2023 17:20:11.446 [0x7f8cc3873b38] DEBUG - Perfect cache hit, we don't need to start [com.plexapp.agents.movieposterdb] yet.
Jan 02, 2023 17:20:11.446 [0x7f8cc3873b38] DEBUG - Starting plug-in /usr/lib/plexmediaserver/Resources/Plug-ins-629d58034/Media-Flags.bundle.
Jan 02, 2023 17:20:11.446 [0x7f8ccaf410d0] DEBUG - [DatabaseFixups] Collections: Found 0 collections tags in section 1.
Jan 02, 2023 17:20:11.446 [0x7f8ccaf410d0] DEBUG - [DatabaseFixups] Collections: We had 0 collections in the library already.
Jan 02, 2023 17:20:11.446 [0x7f8cc3c79b38] DEBUG - Perfect cache hit, we don't need to start [com.plexapp.agents.fanarttv] yet.
Jan 02, 2023 17:20:11.446 [0x7f8ccaf410d0] DEBUG - [DatabaseFixups] Collections: Synced tags in section 1 in 0ms.
Jan 02, 2023 17:20:11.446 [0x7f8cc3c79b38] DEBUG - Starting plug-in /usr/lib/plexmediaserver/Resources/Plug-ins-629d58034/Framework.bundle.
Jan 02, 2023 17:20:11.447 [0x7f8cc3873b38] DEBUG - Starting plug-in /usr/lib/plexmediaserver/Resources/Plug-ins-629d58034/Scanners.bundle.
Jan 02, 2023 17:20:11.447 [0x7f8ccaf410d0] DEBUG - [DatabaseFixups] Collections: Refreshed attributes for 0 collections in section 1 in 0ms.
Jan 02, 2023 17:20:11.447 [0x7f8cc3670b38] DEBUG - Perfect cache hit, we don't need to start [tv.plex.agents.music] yet.
Jan 02, 2023 17:20:11.447 [0x7f8cc3670b38] DEBUG - Starting plug-in /usr/lib/plexmediaserver/Resources/Plug-ins-629d58034/PersonalMedia.bundle.
Jan 02, 2023 17:20:11.447 [0x7f8cc3c79b38] DEBUG - Starting plug-in /usr/lib/plexmediaserver/Resources/Plug-ins-629d58034/PlexThemeMusic.bundle.
Jan 02, 2023 17:20:11.448 [0x7f8ccaf410d0] DEBUG - [DatabaseFixups] Collection: Refreshed visibility in section 1 in 0ms.
Jan 02, 2023 17:20:11.449 [0x7f8cc3c79b38] DEBUG - Perfect cache hit, we don't need to start [com.plexapp.agents.plexthememusic] yet.
Jan 02, 2023 17:20:11.449 [0x7f8cc3873b38] DEBUG - Starting plug-in /usr/lib/plexmediaserver/Resources/Plug-ins-629d58034/HTbackdrops.bundle.
Jan 02, 2023 17:20:11.449 [0x7f8cc3c79b38] DEBUG - Starting plug-in /usr/lib/plexmediaserver/Resources/Plug-ins-629d58034/PlexMovie.bundle.
Jan 02, 2023 17:20:11.449 [0x7f8cc3670b38] DEBUG - Perfect cache hit, we don't need to start [com.plexapp.agents.none] yet.
Jan 02, 2023 17:20:11.449 [0x7f8ccaf410d0] DEBUG - [DatabaseFixups] Collections: Refreshed attributes for 0 collections in section 1 in 1ms.
Jan 02, 2023 17:20:11.449 [0x7f8ccaf410d0] DEBUG - [DatabaseFixups] Collections: Found 0 collections tags in section 2.
Jan 02, 2023 17:20:11.450 [0x7f8ccaf410d0] DEBUG - [DatabaseFixups] Collections: We had 0 collections in the library already.
Jan 02, 2023 17:20:11.450 [0x7f8ccaf410d0] DEBUG - [DatabaseFixups] Collections: Synced tags in section 2 in 0ms.
Jan 02, 2023 17:20:11.450 [0x7f8ccaf410d0] DEBUG - [DatabaseFixups] Collections: Found 0 collections tags in section 2.
Jan 02, 2023 17:20:11.450 [0x7f8ccaf410d0] DEBUG - [DatabaseFixups] Collections: We had 0 collections in the library already.
Jan 02, 2023 17:20:11.450 [0x7f8ccaf410d0] DEBUG - [DatabaseFixups] Collections: Synced tags in section 2 in 0ms.
Jan 02, 2023 17:20:11.450 [0x7f8ccaf410d0] DEBUG - [DatabaseFixups] Collections: Found 0 collections tags in section 2.
Jan 02, 2023 17:20:11.450 [0x7f8ccaf410d0] DEBUG - [DatabaseFixups] Collections: We had 0 collections in the library already.
Jan 02, 2023 17:20:11.450 [0x7f8ccaf410d0] DEBUG - [DatabaseFixups] Collections: Synced tags in section 2 in 0ms.
Jan 02, 2023 17:20:11.450 [0x7f8cc3c79b38] DEBUG - Perfect cache hit, we don't need to start [com.plexapp.agents.imdb] yet.
Jan 02, 2023 17:20:11.450 [0x7f8ccaf410d0] DEBUG - [DatabaseFixups] Collections: Refreshed attributes for 0 collections in section 2 in 0ms.
Jan 02, 2023 17:20:11.450 [0x7f8cc3873b38] DEBUG - Perfect cache hit, we don't need to start [com.plexapp.agents.htbackdrops] yet.
Jan 02, 2023 17:20:11.451 [0x7f8ccaf410d0] DEBUG - [DatabaseFixups] Collection: Refreshed visibility in section 2 in 0ms.
Jan 02, 2023 17:20:11.451 [0x7f8cc5600b38] DEBUG - Starting scheduled updates, every 3600 seconds
Jan 02, 2023 17:20:11.451 [0x7f8cc5600b38] INFO - LibraryUpdateManager path watching is disabled
Jan 02, 2023 17:20:11.451 [0x7f8cc5600b38] DEBUG - Done waiting for all plug-ins to start.
Jan 02, 2023 17:20:11.451 [0x7f8cc5600b38] DEBUG - PluginRepository::setStartState: 3, complete
Jan 02, 2023 17:20:11.451 [0x7f8cc1c20b38] DEBUG - Downloading document http://127.0.0.1:32400/:/plugins/com.plexapp.agents.imdb/prefs
Jan 02, 2023 17:20:11.451 [0x7f8cc1c20b38] DEBUG - Translator: Found locale it
Jan 02, 2023 17:20:11.451 [0x7f8cc1c20b38] DEBUG - Translator: Found locale de
Jan 02, 2023 17:20:11.451 [0x7f8cc1c20b38] DEBUG - Translator: Found locale sk
Jan 02, 2023 17:20:11.451 [0x7f8cc1c20b38] DEBUG - Translator: Found locale es
Jan 02, 2023 17:20:11.451 [0x7f8cc1c20b38] DEBUG - Translator: Found locale lt
Jan 02, 2023 17:20:11.451 [0x7f8cc1c20b38] DEBUG - Translator: Found locale nl
Jan 02, 2023 17:20:11.451 [0x7f8cc1c20b38] DEBUG - Translator: Found locale hr_HR
Jan 02, 2023 17:20:11.451 [0x7f8cc1c20b38] DEBUG - Translator: Found locale ar
Jan 02, 2023 17:20:11.451 [0x7f8cc1c20b38] DEBUG - Translator: Found locale et_EE
Jan 02, 2023 17:20:11.451 [0x7f8cc1c20b38] DEBUG - Translator: Found locale he
Jan 02, 2023 17:20:11.451 [0x7f8cc1c20b38] DEBUG - Translator: Found locale en
Jan 02, 2023 17:20:11.451 [0x7f8cc1c20b38] DEBUG - Translator: Found locale sl
Jan 02, 2023 17:20:11.451 [0x7f8cc1c20b38] DEBUG - Translator: Found locale ro
Jan 02, 2023 17:20:11.451 [0x7f8cc1c20b38] DEBUG - Translator: Found locale hu
Jan 02, 2023 17:20:11.451 [0x7f8cc1c20b38] DEBUG - Translator: Found locale pt_BR
Jan 02, 2023 17:20:11.451 [0x7f8cc1c20b38] DEBUG - Translator: Found locale cs_CZ
Jan 02, 2023 17:20:11.451 [0x7f8cc1c20b38] DEBUG - Translator: Found locale sr
Jan 02, 2023 17:20:11.451 [0x7f8cc1c20b38] DEBUG - Translator: Found locale sv
Jan 02, 2023 17:20:11.451 [0x7f8cc1c20b38] DEBUG - Translator: Found locale pl
Jan 02, 2023 17:20:11.451 [0x7f8cc1c20b38] DEBUG - Translator: Found locale pt
Jan 02, 2023 17:20:11.451 [0x7f8cc1c20b38] DEBUG - Translator: Found locale da
Jan 02, 2023 17:20:11.451 [0x7f8cc1c20b38] DEBUG - Translator: Found locale ko
Jan 02, 2023 17:20:11.451 [0x7f8cc1c20b38] DEBUG - Translator: Found locale hu_HU
Jan 02, 2023 17:20:11.451 [0x7f8cc1c20b38] DEBUG - Translator: Found locale zh_CN
Jan 02, 2023 17:20:11.451 [0x7f8cc1c20b38] DEBUG - Translator: Found locale fi
Jan 02, 2023 17:20:11.451 [0x7f8cc1c20b38] DEBUG - Translator: Found locale ru
Jan 02, 2023 17:20:11.451 [0x7f8cc1c20b38] DEBUG - Translator: Found locale no
Jan 02, 2023 17:20:11.451 [0x7f8cc1c20b38] DEBUG - Translator: Found locale ja_JP
Jan 02, 2023 17:20:11.451 [0x7f8cc1c20b38] DEBUG - Translator: Found locale fr
Jan 02, 2023 17:20:11.451 [0x7f8cc1c20b38] DEBUG - Translator: Found locale nl_BE
Jan 02, 2023 17:20:11.451 [0x7f8cc1c20b38] DEBUG - Translator: Found locale af
Jan 02, 2023 17:20:11.453 [0x7f8ccaf410d0] DEBUG - [DatabaseFixups] Collections: Refreshed attributes for 0 collections in section 2 in 2ms.
Jan 02, 2023 17:20:11.453 [0x7f8ccaf410d0] DEBUG - [DatabaseFixups] Running database fix-ups completed in 0.0 seconds.
Jan 02, 2023 17:20:11.453 [0x7f8ccaf410d0] DEBUG - [HCl#11] HTTP requesting GET https://plex.tv/api/v2/release_channels?X-Plex-Token=xxxxxxxxxxxxxxxxxxxx
Jan 02, 2023 17:20:11.456 [0x7f8cc1c20b38] DEBUG - [Req#b] Starting file watcher for com.plexapp.agents.imdb
Jan 02, 2023 17:20:11.456 [0x7f8cc1c20b38] DEBUG - [Req#b] Plugin: setting environment variable: 'PYTHONHOME=/usr/lib/plexmediaserver/Resources/Python'
Jan 02, 2023 17:20:11.456 [0x7f8cc1c20b38] DEBUG - [Req#b] Plugin: setting environment variable: 'PYTHONPATH=/usr/lib/plexmediaserver/Resources/Python/python27.zip:/usr/lib/plexmediaserver/Resources/Python/lib/python2.7/site-packages'
Jan 02, 2023 17:20:11.456 [0x7f8cc1c20b38] DEBUG - [Req#b] Spawned plug-in com.plexapp.agents.imdb with PID 281
Jan 02, 2023 17:20:11.456 [0x7f8cc1c20b38] DEBUG - [Req#b] [com.plexapp.agents.imdb] Sending command: GET /:/prefixes
Jan 02, 2023 17:20:11.466 [0x7f8cc5c3fb38] DEBUG - [HttpClient/HCl#c] HTTP/2.0 (0.1s) 200 response from GET https://plex.tv/media/providers?X-Plex-Token=xxxxxxxxxxxxxxxxxxxx (reused)
Jan 02, 2023 17:20:11.466 [0x7f8cc51e6b38] DEBUG - [MediaProviderManager/HCl#12] HTTP requesting GET https://plex.tv/media/providers?X-Plex-Token=xxxxxxxxxxxxxxxxxxxx
Jan 02, 2023 17:20:11.503 [0x7f8cc5c3fb38] DEBUG - [HttpClient/HCl#11] HTTP/2.0 (0.0s) 200 response from GET https://plex.tv/api/v2/release_channels?X-Plex-Token=xxxxxxxxxxxxxxxxxxxx (reused)
Jan 02, 2023 17:20:11.504 [0x7f8ccaf410d0] DEBUG - [HCl#13] HTTP requesting GET https://plex.tv/api/v2/features?X-Plex-Token=xxxxxxxxxxxxxxxxxxxx
Jan 02, 2023 17:20:11.505 [0x7f8cc5c3fb38] DEBUG - [HttpClient/HCl#12] HTTP/2.0 (0.0s) 200 response from GET https://plex.tv/media/providers?X-Plex-Token=xxxxxxxxxxxxxxxxxxxx (reused)
Jan 02, 2023 17:20:11.505 [0x7f8cc51e6b38] DEBUG - [MediaProviderManager] discovered cloud provider (Movies & TV)
Jan 02, 2023 17:20:11.505 [0x7f8cc51e6b38] DEBUG - [MediaProviderManager] discovered cloud provider (Music)
Jan 02, 2023 17:20:11.505 [0x7f8cc51e6b38] DEBUG - [MediaProviderManager] discovered cloud provider (Metadata)
Jan 02, 2023 17:20:11.505 [0x7f8cc51e6b38] DEBUG - [MediaProviderManager] loading cloud provider details (Metadata) (alive: 1)
Jan 02, 2023 17:20:11.505 [0x7f8cc51e6b38] DEBUG - [MediaProviderManager] loading cloud provider details (Music) (alive: 1)
Jan 02, 2023 17:20:11.505 [0x7f8cc51e6b38] DEBUG - [MediaProviderManager] loading cloud provider details (Movies & TV) (alive: 1)
Jan 02, 2023 17:20:11.505 [0x7f8cc51e6b38] DEBUG - [MediaProviderManager] we had 3 cloud providers online, we now have 3
Jan 02, 2023 17:20:11.505 [0x7f8cc51e6b38] DEBUG - [MediaProviderManager] cloud provider (Metadata) is online and available
Jan 02, 2023 17:20:11.505 [0x7f8cc51e6b38] DEBUG - [MediaProviderManager] cloud provider (Music) is online and available
Jan 02, 2023 17:20:11.505 [0x7f8cc51e6b38] DEBUG - [MediaProviderManager] cloud provider (Movies & TV) is online and available
Jan 02, 2023 17:20:11.512 [0x7f8cc5c3fb38] DEBUG - [HttpClient/HCl#e] HTTP/2.0 (0.1s) 200 response from GET https://v4.plex.tv/pms/:/ip
Jan 02, 2023 17:20:11.512 [0x7f8cc6058b38] DEBUG - PublicAddressManager: Got public IP from v4.plex.tv: 94.228.190.38
Jan 02, 2023 17:20:11.517 [0x7f8cc5c3fb38] DEBUG - [HttpClient/HCl#d] HTTP/2.0 (0.1s) 200 response from GET https://plex.tv/api/v2/user?includeSubscriptions=1&includeProviders=1 (reused)
Jan 02, 2023 17:20:11.518 [0x7f8cc5a2ab38] DEBUG - MyPlex: username is maximelao471, login is maxime.laopro@gmail.com, home is 0, no pin
Jan 02, 2023 17:20:11.518 [0x7f8cc488bb38] DEBUG - [HCl#14] HTTP requesting GET https://plex.tv/api/v2/geoip
Jan 02, 2023 17:20:11.555 [0x7f8cc5c3fb38] DEBUG - [HttpClient/HCl#14] HTTP/2.0 (0.0s) 200 response from GET https://plex.tv/api/v2/geoip (reused)
Jan 02, 2023 17:20:11.555 [0x7f8cc705eb38] DEBUG - [EventSourceClient/pubsub/178.79.165.194:443] Resolving 178.79.165.194 port 443
Jan 02, 2023 17:20:11.555 [0x7f8cc407fb38] DEBUG - [HCl#15] HTTP requesting GET https://plex.tv/api/v2/server/webhooks?X-Plex-Token=xxxxxxxxxxxxxxxxxxxx
Jan 02, 2023 17:20:11.556 [0x7f8cc345cb38] DEBUG - [MediaProviderManager/HCl#16] HTTP requesting GET https://plex.tv/media/providers?X-Plex-Token=xxxxxxxxxxxxxxxxxxxx
Jan 02, 2023 17:20:11.556 [0x7f8cc705eb38] DEBUG - [EventSourceClient/pubsub/178.79.165.194:443] Resolved 178.79.165.194 to 178.79.165.194:443
Jan 02, 2023 17:20:11.556 [0x7f8cc488bb38] DEBUG - [HCl#18] HTTP requesting GET https://plex.tv/api/v2/user/privacy?X-Plex-Token=xxxxxxxxxxxxxxxxxxxx
Jan 02, 2023 17:20:11.590 [0x7f8cc5c3fb38] DEBUG - [HttpClient/HCl#13] HTTP/2.0 (0.1s) 200 response from GET https://plex.tv/api/v2/features?X-Plex-Token=xxxxxxxxxxxxxxxxxxxx (reused)
Jan 02, 2023 17:20:11.591 [0x7f8ccaf410d0] DEBUG - Waiting for server condition to be signaled.
Jan 02, 2023 17:20:11.592 [0x7f8cc5c3fb38] DEBUG - [HttpClient/HCl#18] HTTP/2.0 (0.0s) 200 response from GET https://plex.tv/api/v2/user/privacy?X-Plex-Token=xxxxxxxxxxxxxxxxxxxx (reused)
Jan 02, 2023 17:20:11.593 [0x7f8cc488bb38] DEBUG - [HCl#19] HTTP requesting GET https://plex.tv/api/v2/release_channels?X-Plex-Token=xxxxxxxxxxxxxxxxxxxx
Jan 02, 2023 17:20:11.594 [0x7f8cc705eb38] DEBUG - [EventSourceClient/pubsub/178.79.165.194:443] Connected in 38 ms.
Jan 02, 2023 17:20:11.594 [0x7f8cc705eb38] DEBUG - [EventSourceClient/pubsub/178.79.165.194:443] Wrote data, reading reply.
Jan 02, 2023 17:20:11.602 [0x7f8cc5c3fb38] DEBUG - [HttpClient/HCl#16] HTTP/2.0 (0.0s) 200 response from GET https://plex.tv/media/providers?X-Plex-Token=xxxxxxxxxxxxxxxxxxxx (reused)
Jan 02, 2023 17:20:11.603 [0x7f8cc345cb38] DEBUG - [MediaProviderManager] discovered cloud provider (Movies & TV)
Jan 02, 2023 17:20:11.603 [0x7f8cc345cb38] DEBUG - [MediaProviderManager] discovered cloud provider (Music)
Jan 02, 2023 17:20:11.603 [0x7f8cc345cb38] DEBUG - [MediaProviderManager] discovered cloud provider (Metadata)
Jan 02, 2023 17:20:11.603 [0x7f8cc345cb38] DEBUG - [MediaProviderManager] loading cloud provider details (Metadata) (alive: 1)
Jan 02, 2023 17:20:11.603 [0x7f8cc345cb38] DEBUG - [MediaProviderManager] loading cloud provider details (Music) (alive: 1)
Jan 02, 2023 17:20:11.603 [0x7f8cc345cb38] DEBUG - [MediaProviderManager] loading cloud provider details (Movies & TV) (alive: 1)
Jan 02, 2023 17:20:11.603 [0x7f8cc345cb38] DEBUG - [MediaProviderManager] we had 3 cloud providers online, we now have 3
Jan 02, 2023 17:20:11.603 [0x7f8cc345cb38] DEBUG - [MediaProviderManager] cloud provider (Metadata) is online and available
Jan 02, 2023 17:20:11.603 [0x7f8cc345cb38] DEBUG - [MediaProviderManager] cloud provider (Music) is online and available
Jan 02, 2023 17:20:11.603 [0x7f8cc345cb38] DEBUG - [MediaProviderManager] cloud provider (Movies & TV) is online and available
Jan 02, 2023 17:20:11.605 [0x7f8cc5c3fb38] DEBUG - [HttpClient/HCl#15] HTTP/2.0 (0.1s) 200 response from GET https://plex.tv/api/v2/server/webhooks?X-Plex-Token=xxxxxxxxxxxxxxxxxxxx (reused)
Jan 02, 2023 17:20:11.630 [0x7f8cc5c3fb38] DEBUG - [HttpClient/HCl#19] HTTP/2.0 (0.0s) 200 response from GET https://plex.tv/api/v2/release_channels?X-Plex-Token=xxxxxxxxxxxxxxxxxxxx (reused)
Jan 02, 2023 17:20:11.630 [0x7f8cc488bb38] DEBUG - [HCl#1a] HTTP requesting GET https://plex.tv/api/v2/features?X-Plex-Token=xxxxxxxxxxxxxxxxxxxx
Jan 02, 2023 17:20:11.654 [0x7f8cc7261b38] DEBUG - [EventSourceClient/pubsub/178.79.165.194:443] Read HTTP reply header.
Jan 02, 2023 17:20:11.654 [0x7f8cc7261b38] DEBUG - [EventSourceClient/pubsub/178.79.165.194:443] MyPlex: We appear to have regained Internet connectivity.
Jan 02, 2023 17:20:11.657 [0x7f8cc7261b38] DEBUG - [EventSourceClient/pubsub/178.79.165.194:443] PublicAddressManager: Obtaining public address and mapping port.
Jan 02, 2023 17:20:11.657 [0x7f8cc7261b38] DEBUG - [EventSourceClient/pubsub/178.79.165.194:443] MyPlex: async reachability check - current mapped state: 'Not Mapped'.
Jan 02, 2023 17:20:11.657 [0x7f8cc7261b38] WARN - [EventSourceClient/pubsub/178.79.165.194:443] MyPlex: attempted a reachability check but we're not yet mapped.
Jan 02, 2023 17:20:11.657 [0x7f8cc7261b38] DEBUG - [EventSourceClient/pubsub/178.79.165.194:443] Successfully connected to 178.79.165.194.
Jan 02, 2023 17:20:12.018 [0x7f8cc636ab38] DEBUG - [JobRunner] Job running: /usr/lib/plexmediaserver/CrashUploader "--directory=/config/Library/Application Support/Plex Media Server/Crash Reports/1.30.0.6486-629d58034" --version=1.30.0.6486-629d58034 --platform=Linux --platformVersion=5.15.0-56-generic --serverUuid=fb685177d8f6bb83de49fedfebd2ed47642b5881 --userId=maxime.laopro@gmail.com --sentryUrl=https://o17675.ingest.sentry.io/api/1233455/minidump/ --sentryKey=xxxxxxxxxxxxxxxxxxxxxxxxxxxxxxxx --vendor=Docker --model=x86_64 "--device=Docker Container (LinuxServer.io)" --allowRetries=0
Jan 02, 2023 17:20:12.020 [0x7f8cc636ab38] DEBUG - [JobRunner] Jobs: Starting child process with pid 285
Jan 02, 2023 17:20:12.028 [0x7f8cc7487b38] DEBUG - Jobs: '/usr/lib/plexmediaserver/CrashUploader' exit code for process 285 is 0 (success)
Jan 02, 2023 17:20:12.099 [0x7f8cc4c91b38] DEBUG - Request: [127.0.0.1:37732 (Loopback)] GET /system/messaging/clear_events/com.plexapp.agents.imdb (3 live) #9 GZIP Signed-in Token (maximelao471)
Jan 02, 2023 17:20:12.100 [0x7f8cc4c91b38] DEBUG - [Req#9] [com.plexapp.system] Sending command over HTTP (GET): /system/messaging/clear_events/com.plexapp.agents.imdb
Jan 02, 2023 17:20:12.100 [0x7f8cc4c91b38] DEBUG - [Req#9/HCl#1b] HTTP requesting GET http://127.0.0.1:44509/system/messaging/clear_events/com.plexapp.agents.imdb
Jan 02, 2023 17:20:12.119 [0x7f8cc5c3fb38] DEBUG - [HttpClient/HCl#1b] HTTP/1.1 (0.0s) 200 response from GET http://127.0.0.1:44509/system/messaging/clear_events/com.plexapp.agents.imdb (reused)
Jan 02, 2023 17:20:12.119 [0x7f8cc4c91b38] DEBUG - [Req#9] [com.plexapp.system] HTTP reply status 200, with 0 bytes of content.
Jan 02, 2023 17:20:12.119 [0x7f8cc7261b38] DEBUG - Completed: [127.0.0.1:37732] 200 GET /system/messaging/clear_events/com.plexapp.agents.imdb (3 live) GZIP 20ms 280 bytes
Jan 02, 2023 17:20:12.229 [0x7f8cc4c91b38] DEBUG - Request: [127.0.0.1:37746 (Loopback)] GET /:/plugins/com.plexapp.system/resourceHashes (3 live) #e GZIP Signed-in Token (maximelao471)
Jan 02, 2023 17:20:12.229 [0x7f8cc4c91b38] DEBUG - [Req#e] [com.plexapp.system] Sending command over HTTP (GET): /:/plugins/com.plexapp.system/resourceHashes
Jan 02, 2023 17:20:12.229 [0x7f8cc4c91b38] DEBUG - [Req#e/HCl#1c] HTTP requesting GET http://127.0.0.1:44509/:/plugins/com.plexapp.system/resourceHashes
Jan 02, 2023 17:20:12.296 [0x7f8cc5c3fb38] DEBUG - [HttpClient/HCl#1c] HTTP/1.1 (0.1s) 404 response from GET http://127.0.0.1:44509/:/plugins/com.plexapp.system/resourceHashes
Jan 02, 2023 17:20:12.296 [0x7f8cc4c91b38] DEBUG - [Req#e] [com.plexapp.system] HTTP reply status 404, with 0 bytes of content.
Jan 02, 2023 17:20:12.296 [0x7f8cc7261b38] DEBUG - Completed: [127.0.0.1:37746] 404 GET /:/plugins/com.plexapp.system/resourceHashes (3 live) GZIP 67ms 261 bytes
Jan 02, 2023 17:20:12.310 [0x7f8cc4c91b38] DEBUG - Request: [127.0.0.1:37762 (Loopback)] GET /:/plugins/com.plexapp.system/messaging/function/X0J1bmRsZVNlcnZpY2U6QWxsU2VydmljZXM_/Y2VyZWFsMQoxCmxpc3QKMApyMAo_/Y2VyZWFsMQoxCmRpY3QKMApyMAo_ (3 live) #10 GZIP Signed-in Token (maximelao471)
Jan 02, 2023 17:20:12.310 [0x7f8cc4c91b38] DEBUG - [Req#10] [com.plexapp.system] Sending command over HTTP (GET): /:/plugins/com.plexapp.system/messaging/function/X0J1bmRsZVNlcnZpY2U6QWxsU2VydmljZXM_/Y2VyZWFsMQoxCmxpc3QKMApyMAo_/Y2VyZWFsMQoxCmRpY3QKMApyMAo_
Jan 02, 2023 17:20:12.310 [0x7f8cc4c91b38] DEBUG - [Req#10/HCl#1d] HTTP requesting GET http://127.0.0.1:44509/:/plugins/com.plexapp.system/messaging/function/X0J1bmRsZVNlcnZpY2U6QWxsU2VydmljZXM_/Y2VyZWFsMQoxCmxpc3QKMApyMAo_/Y2VyZWFsMQoxCmRpY3QKMApyMAo_
Jan 02, 2023 17:20:12.315 [0x7f8cc5c3fb38] DEBUG - [HttpClient/HCl#1d] HTTP/1.1 (0.0s) 200 response from GET http://127.0.0.1:44509/:/plugins/com.plexapp.system/messaging/function/X0J1bmRsZVNlcnZpY2U6QWxsU2VydmljZXM_/Y2VyZWFsMQoxCmxpc3QKMApyMAo_/Y2VyZWFsMQoxCmRpY3QKMApyMAo_
Jan 02, 2023 17:20:12.315 [0x7f8cc4c91b38] DEBUG - [Req#10] [com.plexapp.system] HTTP reply status 200, with 516 bytes of content.
Jan 02, 2023 17:20:12.315 [0x7f8cc7261b38] DEBUG - Completed: [127.0.0.1:37762] 200 GET /:/plugins/com.plexapp.system/messaging/function/X0J1bmRsZVNlcnZpY2U6QWxsU2VydmljZXM_/Y2VyZWFsMQoxCmxpc3QKMApyMAo_/Y2VyZWFsMQoxCmRpY3QKMApyMAo_ (4 live) GZIP 5ms 746 bytes
Jan 02, 2023 17:20:12.346 [0x7f8cc4c91b38] DEBUG - Request: [127.0.0.1:37770 (Loopback)] GET / (3 live) #12 GZIP Signed-in Token (maximelao471)
Jan 02, 2023 17:20:12.347 [0x7f8cc7261b38] DEBUG - Completed: [127.0.0.1:37770] 200 GET / (3 live) GZIP 0ms 3293 bytes
Jan 02, 2023 17:20:12.474 [0x7f8cc5c3fb38] DEBUG - [HttpClient/HCl#1a] HTTP/2.0 (0.8s) 200 response from GET https://plex.tv/api/v2/features?X-Plex-Token=xxxxxxxxxxxxxxxxxxxx (reused)
Jan 02, 2023 17:20:12.476 [0x7f8cc488bb38] DEBUG - CERT: Certificate will not expire soon; we'll check again in a week.
Jan 02, 2023 17:20:12.476 [0x7f8cc19c6b38] DEBUG - MyPlex: sendMapping resetting state - previous mapping state: 'Not Mapped'.
Jan 02, 2023 17:20:12.476 [0x7f8cc19c6b38] DEBUG - MyPlex: mapping state set to 'Unknown'.
Jan 02, 2023 17:20:12.500 [0x7f8cc488bb38] DEBUG - MyPlex: Updating device connections (from timer: 0)
Jan 02, 2023 17:20:12.500 [0x7f8cc488bb38] DEBUG - [HCl#1e] HTTP requesting PUT https://plex.tv/devices/fb685177d8f6bb83de49fedfebd2ed47642b5881?Connection[][uri]=http://172.24.0.5:32400&httpsEnabled=1&httpsRequired=0&dnsRebindingProtection=0&X-Plex-Token=xxxxxxxxxxxxxxxxxxxx
Jan 02, 2023 17:20:12.528 [0x7f8cc19c6b38] DEBUG - MyPlex: Sending Server Info to myPlex (user=maxime.laopro@gmail.com, ip=, port=0)
Jan 02, 2023 17:20:12.528 [0x7f8cc19c6b38] DEBUG - [HCl#1f] HTTP requesting POST https://plex.tv/servers.xml?auth_token=xxxxxxxxxxxxxxxxxxxx
Jan 02, 2023 17:20:12.554 [0x7f8cc5c3fb38] DEBUG - [HttpClient/HCl#1e] HTTP/2.0 (0.1s) 200 response from PUT https://plex.tv/devices/fb685177d8f6bb83de49fedfebd2ed47642b5881?Connection[][uri]=http://172.24.0.5:32400&httpsEnabled=1&httpsRequired=0&dnsRebindingProtection=0&X-Plex-Token=xxxxxxxxxxxxxxxxxxxx (reused)
Jan 02, 2023 17:20:12.587 [0x7f8cc5c3fb38] DEBUG - [HttpClient/HCl#1f] HTTP/2.0 (0.1s) 422 response from POST https://plex.tv/servers.xml?auth_token=xxxxxxxxxxxxxxxxxxxx (reused)
Jan 02, 2023 17:20:12.587 [0x7f8cc19c6b38] DEBUG - MyPlex: Published Mapping State response was 422
Jan 02, 2023 17:20:12.587 [0x7f8cc19c6b38] DEBUG - MyPlex: Got response for fb685177d8f6bb83de49fedfebd2ed47642b5881 ~ registered :0
Jan 02, 2023 17:20:12.587 [0x7f8cc19c6b38] DEBUG - MyPlex: updating mapped state - current state: 'Not Mapped'
Jan 02, 2023 17:20:12.587 [0x7f8cc19c6b38] DEBUG - MyPlex: mapping state set to 'Not Mapped'.
Jan 02, 2023 17:20:12.888 [0x7f8cc4c91b38] DEBUG - Request: [127.0.0.1:35872 (Loopback)] GET /:/plugins/com.plexapp.system/messaging/function/X0FnZW50U2VydmljZTpVcGRhdGVJbmZv/Y2VyZWFsMQoxCmxpc3QKMApyMAo_/Y2VyZWFsMQo3CmRpY3QKbGlzdApkaWN0Cmxpc3QKbGlzdApsaXN0Cmxpc3QKMgpzMjMKY29tLnBsZXhhcHAuYWdlbnRzLmltZGJzMTAKaWRlbnRpZmllcnIxCnMxMAphZ2VudF9pbmZvMQpyMgoxMApyMwpzMTEKbWVkaWFfdHlwZXNyNApzMTIKYWNjZXB0c19mcm9tbnMxNApmYWxsYmFja19hZ2VudHI1CnMxNApjb250cmlidXRlc190b3I2CnM5Cmxhbmd1YWdlc2IxczIwCnBlcnNpc3Rfc3RvcmVkX2ZpbGVzaTAKczcKdmVyc2lvbmIxczE2CnByaW1hcnlfcHJvdmlkZXJiMXM1CnByZWZzczEwClBsZXggTW92aWVzNApuYW1lMQpzNQpNb3ZpZTEKczI5CmNvbS5wbGV4YXBwLmFnZW50cy5sb2NhbG1lZGlhMQpzMjkKY29tLnBsZXhhcHAuYWdlbnRzLnRoZW1vdmllZGIzMwpzMgplbnMyCnN2czIKZnJzMgplc3MyCm5sczIKZGVzMgppdHMyCmRhczIKYXJzMgpjYXMyCnpoczIKY3NzMgpldHMyCmZpczIKZWxzMgpoZXMyCmhpczIKaHVzMgppZHMyCmphczIKa29zMgpsdnMyCm5vczIKZmFzMgpwbHMyCnB0czIKcm9zMgpydXMyCnNrczIKdGhzMgp0cnMyCnVrczIKdmlyMAo_ (3 live) #13 GZIP Signed-in Token (maximelao471)
Jan 02, 2023 17:20:12.888 [0x7f8cc4c91b38] DEBUG - [Req#13] [com.plexapp.system] Sending command over HTTP (GET): /:/plugins/com.plexapp.system/messaging/function/X0FnZW50U2VydmljZTpVcGRhdGVJbmZv/Y2VyZWFsMQoxCmxpc3QKMApyMAo_/Y2VyZWFsMQo3CmRpY3QKbGlzdApkaWN0Cmxpc3QKbGlzdApsaXN0Cmxpc3QKMgpzMjMKY29tLnBsZXhhcHAuYWdlbnRzLmltZGJzMTAKaWRlbnRpZmllcnIxCnMxMAphZ2VudF9pbmZvMQpyMgoxMApyMwpzMTEKbWVkaWFfdHlwZXNyNApzMTIKYWNjZXB0c19mcm9tbnMxNApmYWxsYmFja19hZ2VudHI1CnMxNApjb250cmlidXRlc190b3I2CnM5Cmxhbmd1YWdlc2IxczIwCnBlcnNpc3Rfc3RvcmVkX2ZpbGVzaTAKczcKdmVyc2lvbmIxczE2CnByaW1hcnlfcHJvdmlkZXJiMXM1CnByZWZzczEwClBsZXggTW92aWVzNApuYW1lMQpzNQpNb3ZpZTEKczI5CmNvbS5wbGV4YXBwLmFnZW50cy5sb2NhbG1lZGlhMQpzMjkKY29tLnBsZXhhcHAuYWdlbnRzLnRoZW1vdmllZGIzMwpzMgplbnMyCnN2czIKZnJzMgplc3MyCm5sczIKZGVzMgppdHMyCmRhczIKYXJzMgpjYXMyCnpoczIKY3NzMgpldHMyCmZpczIKZWxzMgpoZXMyCmhpczIKaHVzMgppZHMyCmphczIKa29zMgpsdnMyCm5vczIKZmFzMgpwbHMyCnB0czIKcm9zMgpydXMyCnNrczIKdGhzMgp0cnMyCnVrczIKdmlyMAo_
Jan 02, 2023 17:20:12.888 [0x7f8cc4c91b38] DEBUG - [Req#13/HCl#20] HTTP requesting GET http://127.0.0.1:44509/:/plugins/com.plexapp.system/messaging/function/X0FnZW50U2VydmljZTpVcGRhdGVJbmZv/Y2VyZWFsMQoxCmxpc3QKMApyMAo_/Y2VyZWFsMQo3CmRpY3QKbGlzdApkaWN0Cmxpc3QKbGlzdApsaXN0Cmxpc3QKMgpzMjMKY29tLnBsZXhhcHAuYWdlbnRzLmltZGJzMTAKaWRlbnRpZmllcnIxCnMxMAphZ2VudF9pbmZvMQpyMgoxMApyMwpzMTEKbWVkaWFfdHlwZXNyNApzMTIKYWNjZXB0c19mcm9tbnMxNApmYWxsYmFja19hZ2VudHI1CnMxNApjb250cmlidXRlc190b3I2CnM5Cmxhbmd1YWdlc2IxczIwCnBlcnNpc3Rfc3RvcmVkX2ZpbGVzaTAKczcKdmVyc2lvbmIxczE2CnByaW1hcnlfcHJvdmlkZXJiMXM1CnByZWZzczEwClBsZXggTW92aWVzNApuYW1lMQpzNQpNb3ZpZTEKczI5CmNvbS5wbGV4YXBwLmFnZW50cy5sb2NhbG1lZGlhMQpzMjkKY29tLnBsZXhhcHAuYWdlbnRzLnRoZW1vdmllZGIzMwpzMgplbnMyCnN2czIKZnJzMgplc3MyCm5sczIKZGVzMgppdHMyCmRhczIKYXJzMgpjYXMyCnpoczIKY3NzMgpldHMyCmZpczIKZWxzMgpoZXMyCmhpczIKaHVzMgppZHMyCmphczIKa29zMgpsdnMyCm5vczIKZmFzMgpwbHMyCnB0czIKcm9zMgpydXMyCnNrczIKdGhzMgp0cnMyCnVrczIKdmlyMAo_
Jan 02, 2023 17:20:12.894 [0x7f8cc5c3fb38] DEBUG - [HttpClient/HCl#20] HTTP/1.1 (0.0s) 200 response from GET http://127.0.0.1:44509/:/plugins/com.plexapp.system/messaging/function/X0FnZW50U2VydmljZTpVcGRhdGVJbmZv/Y2VyZWFsMQoxCmxpc3QKMApyMAo_/Y2VyZWFsMQo3CmRpY3QKbGlzdApkaWN0Cmxpc3QKbGlzdApsaXN0Cmxpc3QKMgpzMjMKY29tLnBsZXhhcHAuYWdlbnRzLmltZGJzMTAKaWRlbnRpZmllcnIxCnMxMAphZ2VudF9pbmZvMQpyMgoxMApyMwpzMTEKbWVkaWFfdHlwZXNyNApzMTIKYWNjZXB0c19mcm9tbnMxNApmYWxsYmFja19hZ2VudHI1CnMxNApjb250cmlidXRlc190b3I2CnM5Cmxhbmd1YWdlc2IxczIwCnBlcnNpc3Rfc3RvcmVkX2ZpbGVzaTAKczcKdmVyc2lvbmIxczE2CnByaW1hcnlfcHJvdmlkZXJiMXM1CnByZWZzczEwClBsZXggTW92aWVzNApuYW1lMQpzNQpNb3ZpZTEKczI5CmNvbS5wbGV4YXBwLmFnZW50cy5sb2NhbG1lZGlhMQpzMjkKY29tLnBsZXhhcHAuYWdlbnRzLnRoZW1vdmllZGIzMwpzMgplbnMyCnN2czIKZnJzMgplc3MyCm5sczIKZGVzMgppdHMyCmRhczIKYXJzMgpjYXMyCnpoczIKY3NzMgpldHMyCmZpczIKZWxzMgpoZXMyCmhpczIKaHVzMgppZHMyCmphczIKa29zMgpsdnMyCm5vczIKZmFzMgpwbHMyCnB0czIKcm9zMgpydXMyCnNrczIKdGhzMgp0cnMyCnVrczIKdmlyMAo_
Jan 02, 2023 17:20:12.894 [0x7f8cc4c91b38] DEBUG - [Req#13] [com.plexapp.system] HTTP reply status 200, with 16 bytes of content.
Jan 02, 2023 17:20:12.894 [0x7f8cc7261b38] DEBUG - Completed: [127.0.0.1:35872] 200 GET /:/plugins/com.plexapp.system/messaging/function/X0FnZW50U2VydmljZTpVcGRhdGVJbmZv/Y2VyZWFsMQoxCmxpc3QKMApyMAo_/Y2VyZWFsMQo3CmRpY3QKbGlzdApkaWN0Cmxpc3QKbGlzdApsaXN0Cmxpc3QKMgpzMjMKY29tLnBsZXhhcHAuYWdlbnRzLmltZGJzMTAKaWRlbnRpZmllcnIxCnMxMAphZ2VudF9pbmZvMQpyMgoxMApyMwpzMTEKbWVkaWFfdHlwZXNyNApzMTIKYWNjZXB0c19mcm9tbnMxNApmYWxsYmFja19hZ2VudHI1CnMxNApjb250cmlidXRlc190b3I2CnM5Cmxhbmd1YWdlc2IxczIwCnBlcnNpc3Rfc3RvcmVkX2ZpbGVzaTAKczcKdmVyc2lvbmIxczE2CnByaW1hcnlfcHJvdmlkZXJiMXM1CnByZWZzczEwClBsZXggTW92aWVzNApuYW1lMQpzNQpNb3ZpZTEKczI5CmNvbS5wbGV4YXBwLmFnZW50cy5sb2NhbG1lZGlhMQpzMjkKY29tLnBsZXhhcHAuYWdlbnRzLnRoZW1vdmllZGIzMwpzMgplbnMyCnN2czIKZnJzMgplc3MyCm5sczIKZGVzMgppdHMyCmRhczIKYXJzMgpjYXMyCnpoczIKY3NzMgpldHMyCmZpczIKZWxzMgpoZXMyCmhpczIKaHVzMgppZHMyCmphczIKa29zMgpsdnMyCm5vczIKZmFzMgpwbHMyCnB0czIKcm9zMgpydXMyCnNrczIKdGhzMgp0cnMyCnVrczIKdmlyMAo_ (3 live) GZIP 6ms 415 bytes
Jan 02, 2023 17:20:12.898 [0x7f8cc1c20b38] DEBUG - [Req#b] Reading 148 bytes in the body, code is 200
Jan 02, 2023 17:20:12.898 [0x7f8cc1c20b38] DEBUG - [Req#b] [com.plexapp.agents.imdb] Plug-in running on port 37829.
Jan 02, 2023 17:20:12.898 [0x7f8cc1c20b38] DEBUG - [Req#b] Read configuration for [com.plexapp.agents.imdb], had 0 prefixes
Jan 02, 2023 17:20:12.899 [0x7f8cc1c20b38] DEBUG - [Req#b] [com.plexapp.agents.imdb] Sending command over HTTP (GET): /:/plugins/com.plexapp.agents.imdb/prefs
Jan 02, 2023 17:20:12.899 [0x7f8cc1c20b38] DEBUG - [Req#b/HCl#21] HTTP requesting GET http://127.0.0.1:37829/:/plugins/com.plexapp.agents.imdb/prefs
Jan 02, 2023 17:20:12.918 [0x7f8cc5c3fb38] DEBUG - [HttpClient/HCl#21] HTTP/1.1 (0.0s) 200 response from GET http://127.0.0.1:37829/:/plugins/com.plexapp.agents.imdb/prefs
Jan 02, 2023 17:20:12.918 [0x7f8cc1c20b38] DEBUG - [Req#b] [com.plexapp.agents.imdb] HTTP reply status 200, with 2224 bytes of content.
Jan 02, 2023 17:20:12.918 [0x7f8cc1c20b38] DEBUG - Caching document http://127.0.0.1:32400/:/plugins/com.plexapp.agents.imdb/prefs as bd3dccde3c90b26f9d16176e5068ae2dd068851c
Jan 02, 2023 17:20:12.918 [0x7f8cc1c20b38] DEBUG - IVA: Downloading trailer lists.
Jan 02, 2023 17:20:12.982 [0x7f8cc1c20b38] DEBUG - IVA: Downloaded 28 trailers for source 1.
Jan 02, 2023 17:20:13.008 [0x7f8cc1c20b38] DEBUG - IVA: Downloaded 22 trailers for source 2.
Jan 02, 2023 17:20:16.404 [0x7f8cc4485b38] DEBUG - NetworkServiceBrowser: SERVER arrived: 127.0.0.1 (Maxime network)
Jan 02, 2023 17:20:16.404 [0x7f8cc4485b38] DEBUG - Notifying the system bundle an update to server /system/notify/serverUpdated?host=127.0.0.1
Jan 02, 2023 17:20:16.404 [0x7f8cc4485b38] DEBUG - [com.plexapp.system] Sending command over HTTP (GET): /system/notify/serverUpdated?host=127.0.0.1
Jan 02, 2023 17:20:16.404 [0x7f8cc4485b38] DEBUG - [HCl#26] HTTP requesting GET http://127.0.0.1:44509/system/notify/serverUpdated?host=127.0.0.1
Jan 02, 2023 17:20:16.407 [0x7f8cc4c91b38] DEBUG - Request: [127.0.0.1:35888 (Loopback)] GET /servers (3 live) #18 GZIP Signed-in Token (maximelao471)
Jan 02, 2023 17:20:16.407 [0x7f8cc7261b38] DEBUG - Completed: [127.0.0.1:35888] 200 GET /servers (3 live) GZIP 0ms 494 bytes
Jan 02, 2023 17:20:16.410 [0x7f8cc5c3fb38] DEBUG - [HttpClient/HCl#26] HTTP/1.1 (0.0s) 200 response from GET http://127.0.0.1:44509/system/notify/serverUpdated?host=127.0.0.1
Jan 02, 2023 17:20:16.410 [0x7f8cc4485b38] DEBUG - [com.plexapp.system] HTTP reply status 200, with 0 bytes of content.
Jan 02, 2023 17:20:16.555 [0x7f8cc345cb38] DEBUG - [PubsubServerManager/process/HCl#27] HTTP requesting GET https://plex.tv/services/pubsub/servers
Jan 02, 2023 17:20:16.651 [0x7f8cc5c3fb38] DEBUG - [HttpClient/HCl#27] HTTP/2.0 (0.1s) 200 response from GET https://plex.tv/services/pubsub/servers
Jan 02, 2023 17:20:17.450 [0x7f8cc345cb38] DEBUG - [PubsubServerManager/process] Time to connect to 178.79.145.139 was 40 ms.
Jan 02, 2023 17:20:17.450 [0x7f8cc345cb38] DEBUG - [PubsubServerManager/process] Time to connect to 178.79.165.194 was 40 ms.
Jan 02, 2023 17:20:17.450 [0x7f8cc345cb38] DEBUG - [PubsubServerManager/process] Time to connect to 172.104.152.89 was 76 ms.
Jan 02, 2023 17:20:17.450 [0x7f8cc345cb38] DEBUG - [PubsubServerManager/process] Time to connect to 172.104.213.223 was 273 ms.
Jan 02, 2023 17:20:17.450 [0x7f8cc345cb38] DEBUG - [PubsubServerManager/process] Time to connect to 172.105.96.32 was 276 ms.
Jan 02, 2023 17:20:17.450 [0x7f8cc345cb38] DEBUG - [PubsubServerManager/process] Time to connect to 23.239.17.115 was 291 ms.
Jan 02, 2023 17:20:17.450 [0x7f8cc345cb38] DEBUG - [PubsubServerManager/process] Time to connect to 72.14.179.64 was 350 ms.
Jan 02, 2023 17:20:17.450 [0x7f8cc345cb38] DEBUG - [PubsubServerManager/process] Time to connect to 184.105.148.82 was 419 ms.
Jan 02, 2023 17:20:17.450 [0x7f8cc345cb38] DEBUG - [PubsubServerManager/process] Time to connect to 139.162.57.189 was 565 ms.
Jan 02, 2023 17:20:17.450 [0x7f8cc345cb38] DEBUG - [PubsubServerManager/process] Time to connect to 139.162.75.196 was 797 ms.
Jan 02, 2023 17:20:17.450 [0x7f8cc345cb38] DEBUG - [PubsubServerManager/process] Another server (178.79.145.139) beat the current one (178.79.165.194).
Jan 02, 2023 17:20:17.450 [0x7f8cc345cb38] DEBUG - [PubsubServerManager/process] Updating best host to 178.79.145.139.
Jan 02, 2023 17:20:17.450 [0x7f8cc345cb38] DEBUG - [PubsubServerManager/process] Updating best ping time for 178.79.145.139 to 40 ms.
Jan 02, 2023 17:20:17.450 [0x7f8cc7261b38] DEBUG - [EventSourceClient/pubsub/178.79.165.194:443] Stopping.
Jan 02, 2023 17:20:17.450 [0x7f8cc705eb38] DEBUG - [EventSourceClient/pubsub/178.79.145.139:443] Resolving 178.79.145.139 port 443
Jan 02, 2023 17:20:17.451 [0x7f8cc705eb38] DEBUG - [EventSourceClient/pubsub/178.79.145.139:443] Resolved 178.79.145.139 to 178.79.145.139:443
Jan 02, 2023 17:20:17.451 [0x7f8cc7261b38] DEBUG - [EventSourceClient/pubsub/178.79.165.194:443] Failure: 125 - Operation canceled.
Jan 02, 2023 17:20:17.497 [0x7f8cc705eb38] DEBUG - [EventSourceClient/pubsub/178.79.145.139:443] Connected in 46 ms.
Jan 02, 2023 17:20:17.498 [0x7f8cc705eb38] DEBUG - [EventSourceClient/pubsub/178.79.145.139:443] Wrote data, reading reply.
Jan 02, 2023 17:20:17.559 [0x7f8cc7261b38] DEBUG - [EventSourceClient/pubsub/178.79.145.139:443] Read HTTP reply header.
Jan 02, 2023 17:20:17.559 [0x7f8cc7261b38] DEBUG - [EventSourceClient/pubsub/178.79.145.139:443] MyPlex: We appear to have regained Internet connectivity.
Jan 02, 2023 17:20:17.564 [0x7f8cc7261b38] DEBUG - [EventSourceClient/pubsub/178.79.145.139:443] PublicAddressManager: Obtaining public address and mapping port.
Jan 02, 2023 17:20:17.564 [0x7f8cc7261b38] DEBUG - [EventSourceClient/pubsub/178.79.145.139:443] MyPlex: async reachability check - current mapped state: 'Not Mapped'.
Jan 02, 2023 17:20:17.564 [0x7f8cc7261b38] WARN - [EventSourceClient/pubsub/178.79.145.139:443] MyPlex: attempted a reachability check but we're not yet mapped.
Jan 02, 2023 17:20:17.564 [0x7f8cc7261b38] DEBUG - [EventSourceClient/pubsub/178.79.145.139:443] Successfully connected to 178.79.145.139.
Jan 02, 2023 17:20:20.059 [0x7f8cc2c40b38] DEBUG - DVR:Device: Discovering and refreshing all devices.
Jan 02, 2023 17:20:20.060 [0x7f8cc2c40b38] DEBUG - Grabber: HDHomerun discovered 0 compatible devices.
Jan 02, 2023 17:20:20.060 [0x7f8cc2c40b38] DEBUG - [HCl#28] HTTP requesting POST http://127.0.0.1:32600/devices/discover
Jan 02, 2023 17:20:21.425 [0x7f8cc407fb38] DEBUG - Grabber: Cleaning up orphaned grabs.
Jan 02, 2023 17:20:21.425 [0x7f8cc407fb38] DEBUG - Grabber: Cleaned up 0 decrepit directories in 0.0 sec.
Jan 02, 2023 17:20:21.425 [0x7f8cc407fb38] DEBUG - Activity: registered new activity 49e8427f-c634-4881-9856-1d644b2199fa - "Processing subscriptions"
Jan 02, 2023 17:20:21.425 [0x7f8cc407fb38] DEBUG - Subscription: Scheduling subscriptions.
Jan 02, 2023 17:20:21.425 [0x7f8cc407fb38] DEBUG - Subscription: Initialized 0 schedulers.
Jan 02, 2023 17:20:21.425 [0x7f8cc407fb38] DEBUG - Subscription: Starting with 0 grabs, scheduled 0 active ones preemptively.
Jan 02, 2023 17:20:21.425 [0x7f8cc407fb38] DEBUG - Subscription: Scheduled all subscriptions in 0 ms.
Jan 02, 2023 17:20:21.425 [0x7f8cc407fb38] DEBUG - Activity: Ended activity 49e8427f-c634-4881-9856-1d644b2199fa.
Jan 02, 2023 17:20:21.426 [0x7f8cc407fb38] DEBUG - Subscription: There are 0 active grabs at the end.
Jan 02, 2023 17:20:21.426 [0x7f8cc407fb38] DEBUG - Activity: Ended activity 48b2abf3-4117-4cf3-ac40-6e5a54ee6844.
Jan 02, 2023 17:20:21.426 [0x7f8cc407fb38] DEBUG - Subscription: Refreshed all content in 1 ms.
Jan 02, 2023 17:20:21.556 [0x7f8cc4282b38] DEBUG - [HCl#29] HTTP requesting GET https://plex.tv/api/resources.xml?includeHttps=1&includeRelay=1&auth_token=xxxxxxxxxxxxxxxxxxxx
Jan 02, 2023 17:20:21.617 [0x7f8cc5c3fb38] DEBUG - [HttpClient/HCl#29] HTTP/2.0 (0.1s) 200 response from GET https://plex.tv/api/resources.xml?includeHttps=1&includeRelay=1&auth_token=xxxxxxxxxxxxxxxxxxxx (reused)
Jan 02, 2023 17:20:21.617 [0x7f8cc51e6b38] DEBUG - Connection Tester: Testing the server Maxime network with 6 URLs.
Jan 02, 2023 17:20:21.617 [0x7f8cc3046b38] DEBUG - Connection Tester: Testing the server LAPTOP-8U2JATAV with 2 URLs.
Jan 02, 2023 17:20:21.618 [0x7f8cc1e23b38] DEBUG - [HCl#2c] HTTP requesting GET https://172-26-0-1.8d3183908006484ca8a0f641f58a73e1.plex.direct:32400
Jan 02, 2023 17:20:21.618 [0x7f8cc2a3db38] DEBUG - [HCl#2a] HTTP requesting GET https://10-33-2-131.8d3183908006484ca8a0f641f58a73e1.plex.direct:32400
Jan 02, 2023 17:20:21.618 [0x7f8cc242cb38] DEBUG - [HCl#2b] HTTP requesting GET https://192-168-0-34.d8a1ff5fb97d48d0aa3491c9160f73d4.plex.direct:32400
Jan 02, 2023 17:20:21.618 [0x7f8cc19e6b38] DEBUG - [HCl#2d] HTTP requesting GET https://89-156-88-197.d8a1ff5fb97d48d0aa3491c9160f73d4.plex.direct:21508
Jan 02, 2023 17:20:21.618 [0x7f8cc17e3b38] DEBUG - [HCl#2e] HTTP requesting GET https://172-19-0-1.8d3183908006484ca8a0f641f58a73e1.plex.direct:32400
Jan 02, 2023 17:20:21.623 [0x7f8cc7261b38] WARN - [CERT] TLS connection from [::ffff:172.24.0.1]:40506 came in with unrecognized plex.direct SNI name '172-26-0-1.8d3183908006484ca8a0f641f58a73e1.plex.direct'; using installed plex.direct cert
Jan 02, 2023 17:20:21.629 [0x7f8cc705eb38] WARN - [CERT] TLS connection from [::ffff:172.24.0.1]:40516 came in with unrecognized plex.direct SNI name '172-19-0-1.8d3183908006484ca8a0f641f58a73e1.plex.direct'; using installed plex.direct cert
Jan 02, 2023 17:20:21.630 [0x7f8cc5c3fb38] WARN - [HttpClient/HCl#2c] HTTP error requesting GET https://172-26-0-1.8d3183908006484ca8a0f641f58a73e1.plex.direct:32400 (60, SSL peer certificate or SSH remote key was not OK) (SSL: no alternative certificate subject name matches target host name '172-26-0-1.8d3183908006484ca8a0f641f58a73e1.plex.direct')
Jan 02, 2023 17:20:21.630 [0x7f8cc1e23b38] DEBUG - [HCl#2f] HTTP requesting GET https://172-24-0-1.8d3183908006484ca8a0f641f58a73e1.plex.direct:32400
Jan 02, 2023 17:20:21.635 [0x7f8cc7261b38] WARN - [CERT] TLS connection from [::ffff:172.24.0.1]:40526 came in with unrecognized plex.direct SNI name '172-24-0-1.8d3183908006484ca8a0f641f58a73e1.plex.direct'; using installed plex.direct cert
Jan 02, 2023 17:20:21.637 [0x7f8cc5c3fb38] WARN - [HttpClient/HCl#2e] HTTP error requesting GET https://172-19-0-1.8d3183908006484ca8a0f641f58a73e1.plex.direct:32400 (60, SSL peer certificate or SSH remote key was not OK) (SSL: no alternative certificate subject name matches target host name '172-19-0-1.8d3183908006484ca8a0f641f58a73e1.plex.direct')
Jan 02, 2023 17:20:21.637 [0x7f8cc5c3fb38] WARN - [HttpClient/HCl#2f] HTTP error requesting GET https://172-24-0-1.8d3183908006484ca8a0f641f58a73e1.plex.direct:32400 (60, SSL peer certificate or SSH remote key was not OK) (SSL: no alternative certificate subject name matches target host name '172-24-0-1.8d3183908006484ca8a0f641f58a73e1.plex.direct')
Jan 02, 2023 17:20:21.637 [0x7f8cc1e23b38] DEBUG - [HCl#31] HTTP requesting GET https://172-21-0-1.8d3183908006484ca8a0f641f58a73e1.plex.direct:32400
Jan 02, 2023 17:20:21.637 [0x7f8cc17e3b38] DEBUG - [HCl#30] HTTP requesting GET https://172-20-0-1.8d3183908006484ca8a0f641f58a73e1.plex.direct:32400
Jan 02, 2023 17:20:21.643 [0x7f8cc705eb38] WARN - [CERT] TLS connection from [::ffff:172.24.0.1]:40542 came in with unrecognized plex.direct SNI name '172-21-0-1.8d3183908006484ca8a0f641f58a73e1.plex.direct'; using installed plex.direct cert
Jan 02, 2023 17:20:21.647 [0x7f8cc7261b38] WARN - [CERT] TLS connection from [::ffff:172.24.0.1]:40552 came in with unrecognized plex.direct SNI name '172-20-0-1.8d3183908006484ca8a0f641f58a73e1.plex.direct'; using installed plex.direct cert
Jan 02, 2023 17:20:21.648 [0x7f8cc5c3fb38] WARN - [HttpClient/HCl#31] HTTP error requesting GET https://172-21-0-1.8d3183908006484ca8a0f641f58a73e1.plex.direct:32400 (60, SSL peer certificate or SSH remote key was not OK) (SSL: no alternative certificate subject name matches target host name '172-21-0-1.8d3183908006484ca8a0f641f58a73e1.plex.direct')
Jan 02, 2023 17:20:21.650 [0x7f8cc5c3fb38] WARN - [HttpClient/HCl#30] HTTP error requesting GET https://172-20-0-1.8d3183908006484ca8a0f641f58a73e1.plex.direct:32400 (60, SSL peer certificate or SSH remote key was not OK) (SSL: no alternative certificate subject name matches target host name '172-20-0-1.8d3183908006484ca8a0f641f58a73e1.plex.direct')
Jan 02, 2023 17:20:22.485 [0x7f8cc5c3fb38] DEBUG - [HttpClient/HCl#28] HTTP/1.1 (2.4s) 200 response from POST http://127.0.0.1:32600/devices/discover
Jan 02, 2023 17:20:23.408 [0x7f8cc5e43b38] DEBUG - NAT: UPnP, didn't find usable IGD.
Jan 02, 2023 17:20:23.408 [0x7f8cc5e43b38] DEBUG - NAT: PMP, attempting mapping.
Jan 02, 2023 17:20:23.520 [0x7f8cc6058b38] DEBUG - NAT: UPnP, getPublicIP didn't find usable IGD.
Jan 02, 2023 17:20:23.658 [0x7f8cc5e43b38] WARN - NAT: PMP, got an error: Not Supported by gateway.
Jan 02, 2023 17:20:23.658 [0x7f8cc5e43b38] DEBUG - NAT: UPnP, attempting port mapping.
Jan 02, 2023 17:20:23.770 [0x7f8cc6058b38] WARN - NAT: PMP, got an error: Not Supported by gateway.
Jan 02, 2023 17:20:23.770 [0x7f8cc6058b38] DEBUG - MyPlex: sendMapping resetting state - previous mapping state: 'Not Mapped'.
Jan 02, 2023 17:20:23.770 [0x7f8cc6058b38] DEBUG - MyPlex: mapping state set to 'Unknown'.
Jan 02, 2023 17:20:23.771 [0x7f8cc6058b38] DEBUG - MyPlex: Sending Server Info to myPlex (user=maxime.laopro@gmail.com, ip=94.228.190.38, port=0)
Jan 02, 2023 17:20:23.771 [0x7f8cc6058b38] DEBUG - [HCl#32] HTTP requesting POST https://plex.tv/servers.xml?auth_token=xxxxxxxxxxxxxxxxxxxx
Jan 02, 2023 17:20:23.833 [0x7f8cc5c3fb38] DEBUG - [HttpClient/HCl#32] HTTP/2.0 (0.1s) 422 response from POST https://plex.tv/servers.xml?auth_token=xxxxxxxxxxxxxxxxxxxx (reused)
Jan 02, 2023 17:20:23.833 [0x7f8cc6058b38] DEBUG - MyPlex: Published Mapping State response was 422
Jan 02, 2023 17:20:23.833 [0x7f8cc6058b38] DEBUG - MyPlex: Got response for fb685177d8f6bb83de49fedfebd2ed47642b5881 ~ registered :0
Jan 02, 2023 17:20:23.833 [0x7f8cc6058b38] DEBUG - MyPlex: updating mapped state - current state: 'Not Mapped'
Jan 02, 2023 17:20:23.833 [0x7f8cc6058b38] DEBUG - MyPlex: mapping state set to 'Not Mapped'.
Jan 02, 2023 17:20:23.833 [0x7f8cc6058b38] DEBUG - MyPlex: Updating device connections (from timer: 0)
Jan 02, 2023 17:20:23.833 [0x7f8cc6058b38] DEBUG - [HCl#33] HTTP requesting PUT https://plex.tv/devices/fb685177d8f6bb83de49fedfebd2ed47642b5881?Connection[][uri]=http://172.24.0.5:32400&httpsEnabled=1&httpsRequired=0&dnsRebindingProtection=0&natLoopbackSupported=0&X-Plex-Token=xxxxxxxxxxxxxxxxxxxx
Jan 02, 2023 17:20:23.881 [0x7f8cc5c3fb38] DEBUG - [HttpClient/HCl#33] HTTP/2.0 (0.0s) 200 response from PUT https://plex.tv/devices/fb685177d8f6bb83de49fedfebd2ed47642b5881?Connection[][uri]=http://172.24.0.5:32400&httpsEnabled=1&httpsRequired=0&dnsRebindingProtection=0&natLoopbackSupported=0&X-Plex-Token=xxxxxxxxxxxxxxxxxxxx (reused)
Jan 02, 2023 17:20:24.688 [0x7f8cc5c3fb38] WARN - [HttpClient/HCl#2a] HTTP error requesting GET https://10-33-2-131.8d3183908006484ca8a0f641f58a73e1.plex.direct:32400 (7, Couldn't connect to server) (Failed to connect to 10-33-2-131.8d3183908006484ca8a0f641f58a73e1.plex.direct port 32400: Host is unreachable)
Jan 02, 2023 17:20:26.626 [0x7f8cc5c3fb38] DEBUG - [HttpClient/HCl#2b] HTTP simulating 408 after curl timeout
Jan 02, 2023 17:20:26.626 [0x7f8cc5c3fb38] DEBUG - [HttpClient/HCl#2d] HTTP simulating 408 after curl timeout
Jan 02, 2023 17:20:27.397 [0x7f8cc4c91b38] DEBUG - Request: [172.24.0.1:51578 (Subnet)] GET /media/providers (3 live) #24 GZIP Signed-in Token (maximelao471) (Firefox)
Jan 02, 2023 17:20:27.402 [0x7f8cc705eb38] DEBUG - Completed: [172.24.0.1:51578] 200 GET /media/providers (3 live) GZIP 4ms 3820 bytes (pipelined: 1)
Jan 02, 2023 17:20:27.411 [0x7f8cc705eb38] WARN - [CERT] TLS connection from [::ffff:172.24.0.1]:52050 came in with unrecognized plex.direct SNI name '172-20-0-1.8d3183908006484ca8a0f641f58a73e1.plex.direct'; using installed plex.direct cert
Jan 02, 2023 17:20:27.413 [0x7f8cc7261b38] WARN - [CERT] TLS connection from [::ffff:172.24.0.1]:42918 came in with unrecognized plex.direct SNI name '172-26-0-1.8d3183908006484ca8a0f641f58a73e1.plex.direct'; using installed plex.direct cert
Jan 02, 2023 17:20:27.416 [0x7f8cc705eb38] DEBUG - CERT: incomplete TLS handshake from [::ffff:172.24.0.1]:52050: sslv3 alert bad certificate
Jan 02, 2023 17:20:27.416 [0x7f8cc7261b38] DEBUG - CERT: incomplete TLS handshake from [::ffff:172.24.0.1]:42918: sslv3 alert bad certificate
Jan 02, 2023 17:20:27.419 [0x7f8cc7261b38] WARN - [CERT] TLS connection from [::ffff:172.24.0.1]:36712 came in with unrecognized plex.direct SNI name '172-21-0-1.8d3183908006484ca8a0f641f58a73e1.plex.direct'; using installed plex.direct cert
Jan 02, 2023 17:20:27.423 [0x7f8cc7261b38] DEBUG - CERT: incomplete TLS handshake from [::ffff:172.24.0.1]:36712: sslv3 alert bad certificate
Jan 02, 2023 17:20:27.423 [0x7f8cc4c91b38] DEBUG - Request: [172.24.0.1:52058 (Subnet)] GET /media/providers (7 live) #2e GZIP Signed-in Token (maximelao471) (Firefox)
Jan 02, 2023 17:20:27.424 [0x7f8cc705eb38] DEBUG - Completed: [172.24.0.1:52058] 200 GET /media/providers (7 live) GZIP 1ms 3820 bytes (pipelined: 1)
Jan 02, 2023 17:20:27.430 [0x7f8cc4c91b38] DEBUG - Request: [172.24.0.1:42148 (Subnet)] GET /media/providers (8 live) #2f GZIP Signed-in Token (maximelao471) (Firefox)
Jan 02, 2023 17:20:27.431 [0x7f8cc7261b38] DEBUG - Completed: [172.24.0.1:42148] 200 GET /media/providers (8 live) GZIP 1ms 3820 bytes (pipelined: 1)
Jan 02, 2023 17:20:27.435 [0x7f8cc4c91b38] DEBUG - Request: [172.24.0.1:42934 (Subnet)] GET /media/providers (9 live) #32 GZIP Signed-in Token (maximelao471) (Firefox)
Jan 02, 2023 17:20:27.436 [0x7f8cc7261b38] DEBUG - Completed: [172.24.0.1:42934] 200 GET /media/providers (9 live) GZIP 1ms 3820 bytes (pipelined: 1)
Jan 02, 2023 17:20:27.439 [0x7f8cc4c91b38] DEBUG - Request: [172.24.0.1:36724 (Subnet)] GET /media/providers (10 live) #35 GZIP Signed-in Token (maximelao471) (Firefox)
Jan 02, 2023 17:20:27.440 [0x7f8cc7261b38] DEBUG - Completed: [172.24.0.1:36724] 200 GET /media/providers (10 live) GZIP 1ms 3820 bytes (pipelined: 1)
Jan 02, 2023 17:20:27.448 [0x7f8cc4c91b38] DEBUG - Request: [172.24.0.1:41688 (Subnet)] GET /media/providers (11 live) #38 GZIP Signed-in Token (maximelao471) (Firefox)
Jan 02, 2023 17:20:27.449 [0x7f8cc7261b38] DEBUG - Completed: [172.24.0.1:41688] 200 GET /media/providers (11 live) GZIP 1ms 3820 bytes (pipelined: 1)
Jan 02, 2023 17:20:27.499 [0x7f8cc7261b38] WARN - [CERT] TLS connection from [::ffff:172.24.0.1]:41694 came in with unrecognized plex.direct SNI name '172-19-0-1.8d3183908006484ca8a0f641f58a73e1.plex.direct'; using installed plex.direct cert
Jan 02, 2023 17:20:27.501 [0x7f8cc705eb38] DEBUG - CERT: incomplete TLS handshake from [::ffff:172.24.0.1]:41694: sslv3 alert bad certificate
Jan 02, 2023 17:20:27.557 [0x7f8cc7261b38] WARN - [CERT] TLS connection from [::ffff:172.24.0.1]:42154 came in with unrecognized plex.direct SNI name '172-24-0-1.8d3183908006484ca8a0f641f58a73e1.plex.direct'; using installed plex.direct cert
Jan 02, 2023 17:20:27.560 [0x7f8cc7261b38] DEBUG - CERT: incomplete TLS handshake from [::ffff:172.24.0.1]:42154: sslv3 alert bad certificate
Jan 02, 2023 17:20:31.618 [0x7f8cc3046b38] WARN - Connection Tester: Error testing media server LAPTOP-8U2JATAV in 10000 ms.
Jan 02, 2023 17:20:31.618 [0x7f8cc51e6b38] WARN - Connection Tester: Error testing media server Maxime network in 10000 ms.
Jan 02, 2023 17:20:31.618 [0x7f8cc4282b38] DEBUG - Media Server: Tested all servers in 10.0 seconds.
Jan 02, 2023 17:20:35.667 [0x7f8cc5e43b38] DEBUG - NAT: UPnP, didn't find usable IGD.
Jan 02, 2023 17:20:35.667 [0x7f8cc5e43b38] DEBUG - PublicAddressManager: Mapping failed.
Jan 02, 2023 17:20:35.667 [0x7f8cc5e43b38] DEBUG - MyPlex: mapping state set to 'Mapped - Not Published'.
Jan 02, 2023 17:20:35.667 [0x7f8cc5e43b38] DEBUG - MyPlex: sendMapping resetting state - previous mapping state: 'Mapped - Not Published'.
Jan 02, 2023 17:20:35.667 [0x7f8cc5e43b38] DEBUG - MyPlex: mapping state set to 'Unknown'.
Jan 02, 2023 17:20:35.669 [0x7f8cc5e43b38] DEBUG - MyPlex: Sending Server Info to myPlex (user=maxime.laopro@gmail.com, ip=94.228.190.38, port=0)
Jan 02, 2023 17:20:35.669 [0x7f8cc5e43b38] DEBUG - [HCl#34] HTTP requesting POST https://plex.tv/servers.xml?auth_token=xxxxxxxxxxxxxxxxxxxx
Jan 02, 2023 17:20:35.727 [0x7f8cc5c3fb38] DEBUG - [HttpClient/HCl#34] HTTP/2.0 (0.1s) 422 response from POST https://plex.tv/servers.xml?auth_token=xxxxxxxxxxxxxxxxxxxx (reused)
Jan 02, 2023 17:20:35.727 [0x7f8cc5e43b38] DEBUG - MyPlex: Published Mapping State response was 422
Jan 02, 2023 17:20:35.727 [0x7f8cc5e43b38] DEBUG - MyPlex: Got response for fb685177d8f6bb83de49fedfebd2ed47642b5881 ~ registered :0
Jan 02, 2023 17:20:35.727 [0x7f8cc5e43b38] DEBUG - MyPlex: updating mapped state - current state: 'Mapped - Not Published'
Jan 02, 2023 17:20:35.727 [0x7f8cc5e43b38] DEBUG - MyPlex: mapping state set to 'Mapped - Publishing'.
Jan 02, 2023 17:20:35.727 [0x7f8cc5e43b38] DEBUG - MyPlex: async reachability check - current mapped state: 'Mapped - Publishing'.
Jan 02, 2023 17:20:35.727 [0x7f8cc5e43b38] DEBUG - MyPlex: Requesting reachability check.
Jan 02, 2023 17:20:35.727 [0x7f8cc5e43b38] DEBUG - [HCl#35] HTTP requesting PUT https://plex.tv/api/servers/fb685177d8f6bb83de49fedfebd2ed47642b5881/connectivity?X-Plex-Token=xxxxxxxxxxxxxxxxxxxx&asyncIdentifier=42a255b6-7778-4308-b572-40ee840e3a33
Jan 02, 2023 17:20:35.763 [0x7f8cc5c3fb38] DEBUG - [HttpClient/HCl#35] HTTP/2.0 (0.0s) 200 response from PUT https://plex.tv/api/servers/fb685177d8f6bb83de49fedfebd2ed47642b5881/connectivity?X-Plex-Token=xxxxxxxxxxxxxxxxxxxx&asyncIdentifier=42a255b6-7778-4308-b572-40ee840e3a33 (reused)
Jan 02, 2023 17:20:35.764 [0x7f8cc5e43b38] DEBUG - MyPlex: Last published value didn't change, we're done.
Jan 02, 2023 17:20:37.996 [0x7f8cc7261b38] DEBUG - [EventSourceClient/pubsub/178.79.145.139:443] EventSource: Got event [data] '<Message address="" port="0" asyncIdentifier="42a255b6-7778-4308-b572-40ee840e3a33" connectivity="0" command="notifyConnectivity"/>'
Jan 02, 2023 17:20:37.996 [0x7f8cc7261b38] DEBUG - [EventSourceClient/pubsub/178.79.145.139:443] PubSub: Got notified of reachability for async identifier 42a255b6-7778-4308-b572-40ee840e3a33: 0 for :0 (responded in 2232 ms)
Jan 02, 2023 17:20:37.996 [0x7f8cc7261b38] DEBUG - [EventSourceClient/pubsub/178.79.145.139:443] MyPlex: reachability check - current mapping state: 'Mapped - Publishing'.
Jan 02, 2023 17:20:37.996 [0x7f8cc7261b38] DEBUG - [EventSourceClient/pubsub/178.79.145.139:443] MyPlex: mapping state set to 'Mapped - Not Published (Not Reachable)'.
Jan 02, 2023 17:20:40.052 [0x7f8cc3a76b38] DEBUG - [HCl#36] HTTP requesting GET https://plex.tv/api/v2/shared_sources/owned?machineIdentifier=fb685177d8f6bb83de49fedfebd2ed47642b5881
Jan 02, 2023 17:20:40.094 [0x7f8cc5c3fb38] DEBUG - [HttpClient/HCl#36] HTTP/2.0 (0.0s) 200 response from GET https://plex.tv/api/v2/shared_sources/owned?machineIdentifier=fb685177d8f6bb83de49fedfebd2ed47642b5881 (reused)
Jan 02, 2023 17:20:40.094 [0x7f8cc3a76b38] DEBUG - [HCl#37] HTTP requesting GET https://plex.tv/api/v2/server/access_tokens?auth_token=xxxxxxxxxxxxxxxxxxxx
Jan 02, 2023 17:20:40.140 [0x7f8cc5c3fb38] DEBUG - [HttpClient/HCl#37] HTTP/2.0 (0.0s) 200 response from GET https://plex.tv/api/v2/server/access_tokens?auth_token=xxxxxxxxxxxxxxxxxxxx (reused)
Jan 02, 2023 17:20:40.141 [0x7f8cc3a76b38] DEBUG - MyPlex: updating with 7 access tokens
Jan 02, 2023 17:20:40.141 [0x7f8cc3a76b38] DEBUG - [HCl#38] HTTP requesting GET https://plex.tv/api/v2/server/users?auth_token=xxxxxxxxxxxxxxxxxxxx
Jan 02, 2023 17:20:40.141 [0x7f8cc283ab38] DEBUG - [MediaProviderManager/HCl#39] HTTP requesting GET https://plex.tv/media/providers?X-Plex-Token=xxxxxxxxxxxxxxxxxxxx
Jan 02, 2023 17:20:40.177 [0x7f8cc5c3fb38] DEBUG - [HttpClient/HCl#38] HTTP/2.0 (0.0s) 200 response from GET https://plex.tv/api/v2/server/users?auth_token=xxxxxxxxxxxxxxxxxxxx (reused)
Jan 02, 2023 17:20:40.178 [0x7f8cc5a2ab38] DEBUG - [HCl#3a] HTTP requesting GET https://plex.tv/api/v2/server/users/subscriptions?auth_token=xxxxxxxxxxxxxxxxxxxx
Jan 02, 2023 17:20:40.179 [0x7f8cc5c3fb38] DEBUG - [HttpClient/HCl#39] HTTP/2.0 (0.0s) 200 response from GET https://plex.tv/media/providers?X-Plex-Token=xxxxxxxxxxxxxxxxxxxx (reused)
Jan 02, 2023 17:20:40.179 [0x7f8cc283ab38] DEBUG - [MediaProviderManager] discovered cloud provider (Movies & TV)
Jan 02, 2023 17:20:40.179 [0x7f8cc283ab38] DEBUG - [MediaProviderManager] discovered cloud provider (Music)
Jan 02, 2023 17:20:40.179 [0x7f8cc283ab38] DEBUG - [MediaProviderManager] discovered cloud provider (Metadata)
Jan 02, 2023 17:20:40.179 [0x7f8cc283ab38] DEBUG - [MediaProviderManager] loading cloud provider details (Metadata) (alive: 1)
Jan 02, 2023 17:20:40.179 [0x7f8cc283ab38] DEBUG - [MediaProviderManager] loading cloud provider details (Music) (alive: 1)
Jan 02, 2023 17:20:40.179 [0x7f8cc283ab38] DEBUG - [MediaProviderManager] loading cloud provider details (Movies & TV) (alive: 1)
Jan 02, 2023 17:20:40.179 [0x7f8cc283ab38] DEBUG - [MediaProviderManager] we had 3 cloud providers online, we now have 3
Jan 02, 2023 17:20:40.179 [0x7f8cc283ab38] DEBUG - [MediaProviderManager] cloud provider (Metadata) is online and available
Jan 02, 2023 17:20:40.179 [0x7f8cc283ab38] DEBUG - [MediaProviderManager] cloud provider (Music) is online and available
Jan 02, 2023 17:20:40.179 [0x7f8cc283ab38] DEBUG - [MediaProviderManager] cloud provider (Movies & TV) is online and available
Jan 02, 2023 17:20:40.215 [0x7f8cc5c3fb38] DEBUG - [HttpClient/HCl#3a] HTTP/2.0 (0.0s) 200 response from GET https://plex.tv/api/v2/server/users/subscriptions?auth_token=xxxxxxxxxxxxxxxxxxxx (reused)
Jan 02, 2023 17:20:40.216 [0x7f8cc5a2ab38] DEBUG - MyPlex: using cached data for request for https://plex.tv/api/v2/server/users/services?auth_token=xxxxxxxxxxxxxxxxxxxx
Jan 02, 2023 17:20:57.415 [0x7f8cc4c91b38] DEBUG - Request: [172.24.0.1:52410 (Subnet)] GET /media/providers (2 live) #3f GZIP Signed-in Token (maximelao471) (Firefox)
Jan 02, 2023 17:20:57.416 [0x7f8cc7261b38] DEBUG - Completed: [172.24.0.1:52410] 200 GET /media/providers (2 live) GZIP 1ms 3817 bytes (pipelined: 1)
Jan 02, 2023 17:20:57.422 [0x7f8cc7261b38] WARN - [CERT] TLS connection from [::ffff:172.24.0.1]:39640 came in with unrecognized plex.direct SNI name '172-24-0-1.8d3183908006484ca8a0f641f58a73e1.plex.direct'; using installed plex.direct cert
Jan 02, 2023 17:20:57.425 [0x7f8cc705eb38] DEBUG - CERT: incomplete TLS handshake from [::ffff:172.24.0.1]:39640: sslv3 alert bad certificate
Jan 02, 2023 17:20:57.427 [0x7f8cc705eb38] WARN - [CERT] TLS connection from [::ffff:172.24.0.1]:47314 came in with unrecognized plex.direct SNI name '172-20-0-1.8d3183908006484ca8a0f641f58a73e1.plex.direct'; using installed plex.direct cert
Jan 02, 2023 17:20:57.429 [0x7f8cc7261b38] WARN - [CERT] TLS connection from [::ffff:172.24.0.1]:33652 came in with unrecognized plex.direct SNI name '172-26-0-1.8d3183908006484ca8a0f641f58a73e1.plex.direct'; using installed plex.direct cert
Jan 02, 2023 17:20:57.431 [0x7f8cc705eb38] WARN - [CERT] TLS connection from [::ffff:172.24.0.1]:48522 came in with unrecognized plex.direct SNI name '172-21-0-1.8d3183908006484ca8a0f641f58a73e1.plex.direct'; using installed plex.direct cert
Jan 02, 2023 17:20:57.434 [0x7f8cc4c91b38] DEBUG - Request: [172.24.0.1:47328 (Subnet)] GET /media/providers (7 live) #54 GZIP Signed-in Token (maximelao471) (Firefox)
Jan 02, 2023 17:20:57.435 [0x7f8cc705eb38] DEBUG - Completed: [172.24.0.1:47328] 200 GET /media/providers (7 live) GZIP 1ms 3817 bytes (pipelined: 1)
Jan 02, 2023 17:20:57.435 [0x7f8cc7261b38] DEBUG - CERT: incomplete TLS handshake from [::ffff:172.24.0.1]:47314: sslv3 alert bad certificate
Jan 02, 2023 17:20:57.435 [0x7f8cc705eb38] DEBUG - CERT: incomplete TLS handshake from [::ffff:172.24.0.1]:33652: sslv3 alert bad certificate
Jan 02, 2023 17:20:57.436 [0x7f8cc7261b38] DEBUG - CERT: incomplete TLS handshake from [::ffff:172.24.0.1]:48522: sslv3 alert bad certificate
Jan 02, 2023 17:20:57.441 [0x7f8cc4c91b38] DEBUG - Request: [172.24.0.1:39648 (Subnet)] GET /media/providers (8 live) #55 GZIP Signed-in Token (maximelao471) (Firefox)
Jan 02, 2023 17:20:57.442 [0x7f8cc7261b38] DEBUG - Completed: [172.24.0.1:39648] 200 GET /media/providers (8 live) GZIP 1ms 3817 bytes (pipelined: 1)
Jan 02, 2023 17:20:57.446 [0x7f8cc4c91b38] DEBUG - Request: [172.24.0.1:33668 (Subnet)] GET /media/providers (9 live) #58 GZIP Signed-in Token (maximelao471) (Firefox)
Jan 02, 2023 17:20:57.447 [0x7f8cc7261b38] DEBUG - Completed: [172.24.0.1:33668] 200 GET /media/providers (9 live) GZIP 1ms 3817 bytes (pipelined: 1)
Jan 02, 2023 17:20:57.450 [0x7f8cc4c91b38] DEBUG - Request: [172.24.0.1:48528 (Subnet)] GET /media/providers (10 live) #5b GZIP Signed-in Token (maximelao471) (Firefox)
Jan 02, 2023 17:20:57.451 [0x7f8cc7261b38] DEBUG - Completed: [172.24.0.1:48528] 200 GET /media/providers (10 live) GZIP 1ms 3817 bytes (pipelined: 1)
Jan 02, 2023 17:20:57.454 [0x7f8cc7261b38] WARN - [CERT] TLS connection from [::ffff:172.24.0.1]:43740 came in with unrecognized plex.direct SNI name '172-19-0-1.8d3183908006484ca8a0f641f58a73e1.plex.direct'; using installed plex.direct cert
Jan 02, 2023 17:20:57.455 [0x7f8cc4c91b38] DEBUG - Request: [172.24.0.1:43746 (Subnet)] GET /media/providers (12 live) #61 GZIP Signed-in Token (maximelao471) (Firefox)
Jan 02, 2023 17:20:57.456 [0x7f8cc7261b38] DEBUG - Completed: [172.24.0.1:43746] 200 GET /media/providers (12 live) GZIP 1ms 3817 bytes (pipelined: 1)
Jan 02, 2023 17:20:57.457 [0x7f8cc705eb38] DEBUG - CERT: incomplete TLS handshake from [::ffff:172.24.0.1]:43740: sslv3 alert bad certificate
Jan 02, 2023 17:21:02.208 [0x7f8cc7487b38] DEBUG - Shutting down with signal 15 (Terminated)
Jan 02, 2023 17:21:02.208 [0x7f8cc7487b38] DEBUG - Ordered to stop server.
Jan 02, 2023 17:21:02.208 [0x7f8ccaf410d0] DEBUG - Stopping server...
Jan 02, 2023 17:21:02.208 [0x7f8ccaf410d0] DEBUG - HttpServer: Stopping server.
Jan 02, 2023 17:21:02.208 [0x7f8cc6d53b38] DEBUG - MetadataItemClusterRequestHandler: a shutdown event has been received
Jan 02, 2023 17:21:02.208 [0x7f8cc6d53b38] DEBUG - TranscodeJobManager: [Running] onServerShutdown
Jan 02, 2023 17:21:02.208 [0x7f8cc6d53b38] DEBUG - TranscodeJobManager: [Running] -> [Shutdown]
Jan 02, 2023 17:21:02.208 [0x7f8ccaf410d0] DEBUG - Server stopped.
Jan 02, 2023 17:21:02.208 [0x7f8ccaf410d0] DEBUG - NetworkService: Stopping advertisement.
Jan 02, 2023 17:21:02.209 [0x7f8cc4485b38] ERROR - Network Service: Error in advertiser handle read: 125 (Operation canceled) socket=73
Jan 02, 2023 17:21:02.209 [0x7f8ccaf410d0] DEBUG - Killing plug-ins.
Jan 02, 2023 17:21:02.223 [0x7f8ccaf410d0] DEBUG - [com.plexapp.agents.imdb] Killing.
Jan 02, 2023 17:21:02.227 [0x7f8cc7487b38] WARN - JobManager: Could not find job for handle 281
Jan 02, 2023 17:21:02.230 [0x7f8ccaf410d0] DEBUG - [com.plexapp.system] Killing.
Jan 02, 2023 17:21:02.234 [0x7f8cc7487b38] WARN - JobManager: Could not find job for handle 177
Jan 02, 2023 17:21:02.237 [0x7f8ccaf410d0] DEBUG - ChildProcessMonitor: Waiting for Plex Tuner Service to exit.
Jan 02, 2023 17:21:02.237 [0x7f8ccaf410d0] DEBUG - [JobRunner] Signalling job ID 233 with 2
Jan 02, 2023 17:21:02.244 [0x7f8cc7487b38] DEBUG - Jobs: '/usr/lib/plexmediaserver/Plex Tuner Service' exit code for process 233 is 0 (success)
Jan 02, 2023 17:21:02.244 [0x7f8cc3e7cb38] DEBUG - [ChildProcessMonitor] Plex Tuner Service exited.
Jan 02, 2023 17:21:02.244 [0x7f8ccaf410d0] DEBUG - Database: Shutting down.
Jan 02, 2023 17:21:02.257 [0x7f8ccaf410d0] DEBUG - Database: Shutting down.
